<?xml version="1.0" encoding="UTF-8"?>
<TestRun id="1e2322bf-c9b6-4483-9818-04b06ff12a0f" name="Moreys@MOREY01 2012-02-19 14:09:41" runUser="MOREY01\Moreys" xmlns="http://microsoft.com/schemas/VisualStudio/TeamTest/2010">
  <TestSettings name="Local" id="11e94416-0c26-463e-8882-992fe1a79ce0">
    <Description>These are default test settings for a local test run.</Description>
    <Deployment enabled="false" runDeploymentRoot="Moreys_MOREY01 2012-02-19 14_09_41">
      <DeploymentItem filename="C:\_APPLICATION\BCLEX-ABSTRACT\Contoso.Abstract.Unity.4\bin\Release\Microsoft.Practices.Unity.dll" />
      <DeploymentItem filename="C:\_APPLICATION\BCLEX-ABSTRACT\Contoso.Abstract.Autofac.4\bin\Release\System.Abstract.dll" />
      <DeploymentItem filename="C:\_APPLICATION\BCLEX-ABSTRACT\Contoso.Abstract.Ninject.4\bin\Release\System.Abstract.dll" />
      <DeploymentItem filename="C:\_APPLICATION\BCLEX-ABSTRACT\Contoso.Abstract.Memcached.4\bin\Release\System.Abstract.dll" />
      <DeploymentItem filename="C:\_APPLICATION\BCLEX-ABSTRACT\Contoso.Abstract.Hiro.4\bin\Release\System.Abstract.dll" />
      <DeploymentItem filename="C:\_APPLICATION\BCLEX-ABSTRACT\Contoso.Abstract.Memcached.4\bin\Release\Enyim.Caching.dll" />
      <DeploymentItem filename="C:\_APPLICATION\BCLEX-ABSTRACT\Contoso.Abstract.Unity.4\bin\Release\System.Abstract.dll" />
      <DeploymentItem filename="C:\_APPLICATION\BCLEX-ABSTRACT\Contoso.Abstract.CastleWindsor.4\bin\Release\System.Abstract.dll" />
      <DeploymentItem filename="C:\_APPLICATION\BCLEX-ABSTRACT\Contoso.Abstract.Memcached.4\bin\Release\Contoso.Abstract.Memcached.dll" />
      <DeploymentItem filename="C:\_APPLICATION\BCLEX-ABSTRACT\Contoso.Abstract.Hiro.4\bin\Release\Contoso.Abstract.Hiro.dll" />
      <DeploymentItem filename="C:\_APPLICATION\BCLEX-ABSTRACT\Contoso.Abstract.Unity.4\bin\Release\Contoso.Abstract.Unity.dll" />
      <DeploymentItem filename="C:\_APPLICATION\BCLEX-ABSTRACT\TESTS_\System.Abstract.Tests\bin\Debug\System.Abstract.Tests.dll" />
      <DeploymentItem filename="C:\_APPLICATION\BCLEX-ABSTRACT\Contoso.Abstract.Autofac.4\bin\Release\Contoso.Abstract.Autofac.dll" />
      <DeploymentItem filename="C:\_APPLICATION\BCLEX-ABSTRACT\Contoso.Abstract.Ninject.4\bin\Release\Contoso.Abstract.Ninject.dll" />
      <DeploymentItem filename="C:\_APPLICATION\BCLEX-ABSTRACT\Contoso.Abstract.StructureMap.4\bin\Release\StructureMap.dll" />
      <DeploymentItem filename="C:\_APPLICATION\BCLEX-ABSTRACT\Contoso.Abstract.CastleWindsor.4\bin\Release\Contoso.Abstract.CastleWindsor.dll" />
      <DeploymentItem filename="C:\_APPLICATION\BCLEX-ABSTRACT\TESTS_\packages\Moq.4.0.10827\lib\NET40\Moq.dll" />
      <DeploymentItem filename="C:\_APPLICATION\BCLEX-ABSTRACT\Contoso.Abstract.StructureMap.4\bin\Release\Contoso.Abstract.StructureMap.dll" />
      <DeploymentItem filename="C:\_APPLICATION\BCLEX-ABSTRACT\Contoso.Abstract.StructureMap.4\bin\Release\System.Abstract.dll" />
      <DeploymentItem filename="C:\_APPLICATION\BCLEX-ABSTRACT\System.Abstract.4\bin\Release\System.Abstract.dll" />
    </Deployment>
    <Execution>
      <TestTypeSpecific />
      <AgentRule name="Execution Agents">
      </AgentRule>
    </Execution>
  </TestSettings>
  <Times creation="2012-02-19T14:09:41.8271276-06:00" queuing="2012-02-19T14:09:42.3263285-06:00" start="2012-02-19T14:09:42.3887286-06:00" finish="2012-02-19T14:09:45.0719333-06:00" />
  <ResultSummary outcome="Failed">
    <Counters total="220" executed="220" passed="201" error="0" failed="19" timeout="0" aborted="0" inconclusive="0" passedButRunAborted="0" notRunnable="0" notExecuted="0" disconnected="0" warning="0" completed="0" inProgress="0" pending="0" />
  </ResultSummary>
  <TestDefinitions>
    <UnitTest name="RegisterInstance_Should_Return_Same_Object_For_Same_Type" storage="c:\_application\bclex-abstract\tests_\contoso.abstract.castlewindsor.tests\bin\debug\contoso.abstract.castlewindsor.tests.dll" id="9ffd021c-db76-368a-3dee-2aa506993be9">
      <Execution id="fb6312f0-08df-4b6d-8a49-5cd60a750c90" />
      <TestMethod codeBase="C:/_APPLICATION/BCLEX-ABSTRACT/TESTS_/Contoso.Abstract.CastleWindsor.Tests/bin/Debug/Contoso.Abstract.CastleWindsor.Tests.DLL" adapterTypeName="Microsoft.VisualStudio.TestTools.TestTypes.Unit.UnitTestAdapter, Microsoft.VisualStudio.QualityTools.Tips.UnitTest.Adapter, Version=10.0.0.0, Culture=neutral, PublicKeyToken=b03f5f7f11d50a3a" className="Contoso.Abstract.CastleWindsorServiceRegistrarIntegrationTests, Contoso.Abstract.CastleWindsor.Tests, Version=1.0.0.0, Culture=neutral, PublicKeyToken=null" name="RegisterInstance_Should_Return_Same_Object_For_Same_Type" />
    </UnitTest>
    <UnitTest name="Append_Should_Be_Called" storage="c:\_application\bclex-abstract\tests_\contoso.abstract.memcached.tests\bin\debug\contoso.abstract.memcached.tests.dll" id="ed3ecc95-022b-212e-ed2c-4492bb5c7ca5">
      <Execution id="5bce3e25-7524-49db-96ff-530acc20dcd8" />
      <TestMethod codeBase="C:/_APPLICATION/BCLEX-ABSTRACT/TESTS_/Contoso.Abstract.Memcached.Tests/bin/Debug/Contoso.Abstract.Memcached.Tests.DLL" adapterTypeName="Microsoft.VisualStudio.TestTools.TestTypes.Unit.UnitTestAdapter, Microsoft.VisualStudio.QualityTools.Tips.UnitTest.Adapter, Version=10.0.0.0, Culture=neutral, PublicKeyToken=b03f5f7f11d50a3a" className="Contoso.Abstract.DispatcherTests, Contoso.Abstract.Memcached.Tests, Version=1.0.0.0, Culture=neutral, PublicKeyToken=null" name="Append_Should_Be_Called" />
    </UnitTest>
    <UnitTest name="HasRegistered" storage="c:\_application\bclex-abstract\tests_\contoso.abstract.hiro.tests\bin\debug\contoso.abstract.hiro.tests.dll" id="62d5ae9f-b4ef-ba0f-af85-53019067e76e">
      <Execution id="0957ba09-58d6-4bbe-a0b8-a57ffaa00e24" />
      <TestMethod codeBase="C:/_APPLICATION/BCLEX-ABSTRACT/TESTS_/Contoso.Abstract.Hiro.Tests/bin/Debug/Contoso.Abstract.Hiro.Tests.DLL" adapterTypeName="Microsoft.VisualStudio.TestTools.TestTypes.Unit.UnitTestAdapter, Microsoft.VisualStudio.QualityTools.Tips.UnitTest.Adapter, Version=10.0.0.0, Culture=neutral, PublicKeyToken=b03f5f7f11d50a3a" className="Contoso.Abstract.HiroServiceRegistrarIntegrationTests, Contoso.Abstract.Hiro.Tests, Version=1.0.0.0, Culture=neutral, PublicKeyToken=null" name="HasRegistered" />
    </UnitTest>
    <UnitTest name="Asking_For_Invalid_Service_Should_Raise_Exception" storage="c:\_application\bclex-abstract\tests_\contoso.abstract.unity.tests\bin\debug\contoso.abstract.unity.tests.dll" id="b35eb057-97c5-47fb-35b3-cdb3d9a05671">
      <Execution id="7f7f1f7b-8317-4cbc-9db2-078b8a86ae23" />
      <TestMethod codeBase="C:/_APPLICATION/BCLEX-ABSTRACT/TESTS_/Contoso.Abstract.Unity.Tests/bin/Debug/Contoso.Abstract.Unity.Tests.DLL" adapterTypeName="Microsoft.VisualStudio.TestTools.TestTypes.Unit.UnitTestAdapter, Microsoft.VisualStudio.QualityTools.Tips.UnitTest.Adapter, Version=10.0.0.0, Culture=neutral, PublicKeyToken=b03f5f7f11d50a3a" className="Contoso.Abstract.UnityServiceLocatorIntegrationTests, Contoso.Abstract.Unity.Tests, Version=1.0.0.0, Culture=neutral, PublicKeyToken=null" name="Asking_For_Invalid_Service_Should_Raise_Exception" />
    </UnitTest>
    <UnitTest name="Register_With_Keyed_Type_Should_Return_Same_Type" storage="c:\_application\bclex-abstract\tests_\contoso.abstract.autofac.tests\bin\debug\contoso.abstract.autofac.tests.dll" id="387a68b1-2b79-c7f4-587d-71940b23f38b">
      <Execution id="c5a78b54-b7a8-4207-85c4-0018f37d5048" />
      <TestMethod codeBase="C:/_APPLICATION/BCLEX-ABSTRACT/TESTS_/Contoso.Abstract.Autofac.Tests/bin/Debug/Contoso.Abstract.Autofac.Tests.DLL" adapterTypeName="Microsoft.VisualStudio.TestTools.TestTypes.Unit.UnitTestAdapter, Microsoft.VisualStudio.QualityTools.Tips.UnitTest.Adapter, Version=10.0.0.0, Culture=neutral, PublicKeyToken=b03f5f7f11d50a3a" className="Contoso.Abstract.AutofacServiceRegistrarIntegrationTests, Contoso.Abstract.Autofac.Tests, Version=1.0.0.0, Culture=neutral, PublicKeyToken=null" name="Register_With_Keyed_Type_Should_Return_Same_Type" />
    </UnitTest>
    <UnitTest name="Register_With_Specified_Type_Should_Return_Same_Type" storage="c:\_application\bclex-abstract\tests_\contoso.abstract.hiro.tests\bin\debug\contoso.abstract.hiro.tests.dll" id="32a911be-508a-8ebc-ce72-8174b5116686">
      <Execution id="14b17c9c-84fe-40bf-9209-13692527d71c" />
      <TestMethod codeBase="C:/_APPLICATION/BCLEX-ABSTRACT/TESTS_/Contoso.Abstract.Hiro.Tests/bin/Debug/Contoso.Abstract.Hiro.Tests.DLL" adapterTypeName="Microsoft.VisualStudio.TestTools.TestTypes.Unit.UnitTestAdapter, Microsoft.VisualStudio.QualityTools.Tips.UnitTest.Adapter, Version=10.0.0.0, Culture=neutral, PublicKeyToken=b03f5f7f11d50a3a" className="Contoso.Abstract.HiroServiceRegistrarIntegrationTests, Contoso.Abstract.Hiro.Tests, Version=1.0.0.0, Culture=neutral, PublicKeyToken=null" name="Register_With_Specified_Type_Should_Return_Same_Type" />
    </UnitTest>
    <UnitTest name="RegisterInstance_Should_Return_Same_Object_For_Same_Type" storage="c:\_application\bclex-abstract\tests_\system.abstract.tests\bin\debug\system.abstract.tests.dll" id="c7eaa871-a500-c7b1-dabf-5305ff7d4812">
      <Execution id="239232fa-d177-4893-a805-07f1ca19cac1" />
      <TestMethod codeBase="C:/_APPLICATION/BCLEX-ABSTRACT/TESTS_/System.Abstract.Tests/bin/Debug/System.Abstract.Tests.DLL" adapterTypeName="Microsoft.VisualStudio.TestTools.TestTypes.Unit.UnitTestAdapter, Microsoft.VisualStudio.QualityTools.Tips.UnitTest.Adapter, Version=10.0.0.0, Culture=neutral, PublicKeyToken=b03f5f7f11d50a3a" className="Contoso.Abstract.MicroServiceRegistrarIntegrationTests, System.Abstract.Tests, Version=1.0.0.0, Culture=neutral, PublicKeyToken=null" name="RegisterInstance_Should_Return_Same_Object_For_Same_Type" />
    </UnitTest>
    <UnitTest name="Register_With_Implementation_Type_Should_Return_Same_Type" storage="c:\_application\bclex-abstract\tests_\contoso.abstract.autofac.tests\bin\debug\contoso.abstract.autofac.tests.dll" id="44526278-0791-8086-11d1-ac4e4585f61d">
      <Execution id="659d66be-7558-45de-aaa9-0ccbfc9571fd" />
      <TestMethod codeBase="C:/_APPLICATION/BCLEX-ABSTRACT/TESTS_/Contoso.Abstract.Autofac.Tests/bin/Debug/Contoso.Abstract.Autofac.Tests.DLL" adapterTypeName="Microsoft.VisualStudio.TestTools.TestTypes.Unit.UnitTestAdapter, Microsoft.VisualStudio.QualityTools.Tips.UnitTest.Adapter, Version=10.0.0.0, Culture=neutral, PublicKeyToken=b03f5f7f11d50a3a" className="Contoso.Abstract.AutofacServiceRegistrarIntegrationTests, Contoso.Abstract.Autofac.Tests, Version=1.0.0.0, Culture=neutral, PublicKeyToken=null" name="Register_With_Implementation_Type_Should_Return_Same_Type" />
    </UnitTest>
    <UnitTest name="Resolve_Should_Return_Valid_Instance" storage="c:\_application\bclex-abstract\tests_\contoso.abstract.hiro.tests\bin\debug\contoso.abstract.hiro.tests.dll" id="f56513c3-be5e-a8db-756c-0af85068a519">
      <Execution id="51aa5f80-9f1d-444e-86c8-f487bff4f923" />
      <TestMethod codeBase="C:/_APPLICATION/BCLEX-ABSTRACT/TESTS_/Contoso.Abstract.Hiro.Tests/bin/Debug/Contoso.Abstract.Hiro.Tests.DLL" adapterTypeName="Microsoft.VisualStudio.TestTools.TestTypes.Unit.UnitTestAdapter, Microsoft.VisualStudio.QualityTools.Tips.UnitTest.Adapter, Version=10.0.0.0, Culture=neutral, PublicKeyToken=b03f5f7f11d50a3a" className="Contoso.Abstract.HiroServiceLocatorIntegrationTests, Contoso.Abstract.Hiro.Tests, Version=1.0.0.0, Culture=neutral, PublicKeyToken=null" name="Resolve_Should_Return_Valid_Instance" />
    </UnitTest>
    <UnitTest name="GenericAndNonGeneric_ResolveAll_Should_Return_Same_Instace_Types" storage="c:\_application\bclex-abstract\tests_\contoso.abstract.castlewindsor.tests\bin\debug\contoso.abstract.castlewindsor.tests.dll" id="0a29f816-64b2-9e25-2453-1344698d9297">
      <Execution id="9d6f91a5-8b51-4840-b075-bdf47ab1e465" />
      <TestMethod codeBase="C:/_APPLICATION/BCLEX-ABSTRACT/TESTS_/Contoso.Abstract.CastleWindsor.Tests/bin/Debug/Contoso.Abstract.CastleWindsor.Tests.DLL" adapterTypeName="Microsoft.VisualStudio.TestTools.TestTypes.Unit.UnitTestAdapter, Microsoft.VisualStudio.QualityTools.Tips.UnitTest.Adapter, Version=10.0.0.0, Culture=neutral, PublicKeyToken=b03f5f7f11d50a3a" className="Contoso.Abstract.CastleWindsorServiceLocatorIntegrationTests, Contoso.Abstract.CastleWindsor.Tests, Version=1.0.0.0, Culture=neutral, PublicKeyToken=null" name="GenericAndNonGeneric_ResolveAll_Should_Return_Same_Instace_Types" />
    </UnitTest>
    <UnitTest name="Ask_For_Unknown_Service_Should_Throw_Exception" storage="c:\_application\bclex-abstract\tests_\contoso.abstract.structuremap.tests\bin\debug\contoso.abstract.structuremap.tests.dll" id="06065ee8-870c-8b0c-e0b4-4557311cff3b">
      <Execution id="6abf9d3c-0e90-45de-87d0-5032ee1d7192" />
      <TestMethod codeBase="C:/_APPLICATION/BCLEX-ABSTRACT/TESTS_/Contoso.Abstract.StructureMap.Tests/bin/Debug/Contoso.Abstract.StructureMap.Tests.DLL" adapterTypeName="Microsoft.VisualStudio.TestTools.TestTypes.Unit.UnitTestAdapter, Microsoft.VisualStudio.QualityTools.Tips.UnitTest.Adapter, Version=10.0.0.0, Culture=neutral, PublicKeyToken=b03f5f7f11d50a3a" className="Contoso.Abstract.StructureMapServiceLocatorIntegrationTests, Contoso.Abstract.StructureMap.Tests, Version=1.0.0.0, Culture=neutral, PublicKeyToken=null" name="Ask_For_Unknown_Service_Should_Throw_Exception" />
    </UnitTest>
    <UnitTest name="Asking_For_UnRegistered_Service_Return_Valid_Instance" storage="c:\_application\bclex-abstract\tests_\contoso.abstract.ninject.tests\bin\debug\contoso.abstract.ninject.tests.dll" id="59fe3b69-b4c1-36fc-aef2-2197ac416812">
      <Execution id="0812291a-eaba-428b-aa08-24e6ed3c7441" />
      <TestMethod codeBase="C:/_APPLICATION/BCLEX-ABSTRACT/TESTS_/Contoso.Abstract.Ninject.Tests/bin/Debug/Contoso.Abstract.Ninject.Tests.DLL" adapterTypeName="Microsoft.VisualStudio.TestTools.TestTypes.Unit.UnitTestAdapter, Microsoft.VisualStudio.QualityTools.Tips.UnitTest.Adapter, Version=10.0.0.0, Culture=neutral, PublicKeyToken=b03f5f7f11d50a3a" className="Contoso.Abstract.NinjectServiceLocatorIntegrationTests, Contoso.Abstract.Ninject.Tests, Version=1.0.0.0, Culture=neutral, PublicKeyToken=null" name="Asking_For_UnRegistered_Service_Return_Valid_Instance" />
    </UnitTest>
    <UnitTest name="Asking_For_UnRegistered_Service_Return_Valid_Instance" storage="c:\_application\bclex-abstract\tests_\system.abstract.tests\bin\debug\system.abstract.tests.dll" id="ff16d665-6fb2-5809-3b00-21874869f3f6">
      <Execution id="15584675-5587-4c8e-9f36-ee38b04d9929" />
      <TestMethod codeBase="C:/_APPLICATION/BCLEX-ABSTRACT/TESTS_/System.Abstract.Tests/bin/Debug/System.Abstract.Tests.DLL" adapterTypeName="Microsoft.VisualStudio.TestTools.TestTypes.Unit.UnitTestAdapter, Microsoft.VisualStudio.QualityTools.Tips.UnitTest.Adapter, Version=10.0.0.0, Culture=neutral, PublicKeyToken=b03f5f7f11d50a3a" className="Contoso.Abstract.MicroServiceLocatorIntegrationTests, System.Abstract.Tests, Version=1.0.0.0, Culture=neutral, PublicKeyToken=null" name="Asking_For_UnRegistered_Service_Return_Valid_Instance" />
    </UnitTest>
    <UnitTest name="Ask_For_Unknown_Service_Should_Throw_Exception" storage="c:\_application\bclex-abstract\tests_\contoso.abstract.unity.tests\bin\debug\contoso.abstract.unity.tests.dll" id="781be08e-a774-1ee3-7bca-6147d389ad76">
      <Execution id="4dc3fa57-8cdb-472e-a4de-1d579abc492a" />
      <TestMethod codeBase="C:/_APPLICATION/BCLEX-ABSTRACT/TESTS_/Contoso.Abstract.Unity.Tests/bin/Debug/Contoso.Abstract.Unity.Tests.DLL" adapterTypeName="Microsoft.VisualStudio.TestTools.TestTypes.Unit.UnitTestAdapter, Microsoft.VisualStudio.QualityTools.Tips.UnitTest.Adapter, Version=10.0.0.0, Culture=neutral, PublicKeyToken=b03f5f7f11d50a3a" className="Contoso.Abstract.UnityServiceLocatorIntegrationTests, Contoso.Abstract.Unity.Tests, Version=1.0.0.0, Culture=neutral, PublicKeyToken=null" name="Ask_For_Unknown_Service_Should_Throw_Exception" />
    </UnitTest>
    <UnitTest name="RegisterInstance_Should_Return_Same_Object_For_Same_Type" storage="c:\_application\bclex-abstract\tests_\contoso.abstract.ninject.tests\bin\debug\contoso.abstract.ninject.tests.dll" id="bddaf539-a3c8-dc5d-6940-1a146b859794">
      <Execution id="cf35fff4-afca-4ab7-af53-2db9819afd7a" />
      <TestMethod codeBase="C:/_APPLICATION/BCLEX-ABSTRACT/TESTS_/Contoso.Abstract.Ninject.Tests/bin/Debug/Contoso.Abstract.Ninject.Tests.DLL" adapterTypeName="Microsoft.VisualStudio.TestTools.TestTypes.Unit.UnitTestAdapter, Microsoft.VisualStudio.QualityTools.Tips.UnitTest.Adapter, Version=10.0.0.0, Culture=neutral, PublicKeyToken=b03f5f7f11d50a3a" className="Contoso.Abstract.NinjectServiceRegistrarIntegrationTests, Contoso.Abstract.Ninject.Tests, Version=1.0.0.0, Culture=neutral, PublicKeyToken=null" name="RegisterInstance_Should_Return_Same_Object_For_Same_Type" />
    </UnitTest>
    <UnitTest name="CreateMessage_Should_Return_Valid_Instance" storage="c:\_application\bclex-abstract\tests_\system.abstract.tests\bin\debug\system.abstract.tests.dll" id="c284b2e7-d84a-9b0a-75bd-800aa0ea1627">
      <Execution id="95874abd-b814-4c18-b098-193820604a86" />
      <TestMethod codeBase="C:/_APPLICATION/BCLEX-ABSTRACT/TESTS_/System.Abstract.Tests/bin/Debug/System.Abstract.Tests.DLL" adapterTypeName="Microsoft.VisualStudio.TestTools.TestTypes.Unit.UnitTestAdapter, Microsoft.VisualStudio.QualityTools.Tips.UnitTest.Adapter, Version=10.0.0.0, Culture=neutral, PublicKeyToken=b03f5f7f11d50a3a" className="Contoso.Abstract.EventSourcing.MemoryEventStoreIntegrationTests, System.Abstract.Tests, Version=1.0.0.0, Culture=neutral, PublicKeyToken=null" name="CreateMessage_Should_Return_Valid_Instance" />
    </UnitTest>
    <UnitTest name="GenericAndNonGeneric_Resolve_Method_Should_Return_Same_Instance_Type" storage="c:\_application\bclex-abstract\tests_\system.abstract.tests\bin\debug\system.abstract.tests.dll" id="536c201c-e6b6-e435-9226-92de53d8bb9b">
      <Execution id="02cb4628-3c02-436e-b990-ec4263a1059f" />
      <TestMethod codeBase="C:/_APPLICATION/BCLEX-ABSTRACT/TESTS_/System.Abstract.Tests/bin/Debug/System.Abstract.Tests.DLL" adapterTypeName="Microsoft.VisualStudio.TestTools.TestTypes.Unit.UnitTestAdapter, Microsoft.VisualStudio.QualityTools.Tips.UnitTest.Adapter, Version=10.0.0.0, Culture=neutral, PublicKeyToken=b03f5f7f11d50a3a" className="Contoso.Abstract.MicroServiceLocatorIntegrationTests, System.Abstract.Tests, Version=1.0.0.0, Culture=neutral, PublicKeyToken=null" name="GenericAndNonGeneric_Resolve_Method_Should_Return_Same_Instance_Type" />
    </UnitTest>
    <UnitTest name="GenericAndNonGeneric_ResolveAll_Should_Return_Same_Instace_Types" storage="c:\_application\bclex-abstract\tests_\system.abstract.tests\bin\debug\system.abstract.tests.dll" id="20a82d86-eec0-e197-b088-87340af3fc9f">
      <Execution id="654ca2a8-2b3d-4e97-971d-f62e38d2af3e" />
      <TestMethod codeBase="C:/_APPLICATION/BCLEX-ABSTRACT/TESTS_/System.Abstract.Tests/bin/Debug/System.Abstract.Tests.DLL" adapterTypeName="Microsoft.VisualStudio.TestTools.TestTypes.Unit.UnitTestAdapter, Microsoft.VisualStudio.QualityTools.Tips.UnitTest.Adapter, Version=10.0.0.0, Culture=neutral, PublicKeyToken=b03f5f7f11d50a3a" className="Contoso.Abstract.MicroServiceLocatorIntegrationTests, System.Abstract.Tests, Version=1.0.0.0, Culture=neutral, PublicKeyToken=null" name="GenericAndNonGeneric_ResolveAll_Should_Return_Same_Instace_Types" />
    </UnitTest>
    <UnitTest name="RegisterInstance_Generic_Should_Return_Same_Object" storage="c:\_application\bclex-abstract\tests_\contoso.abstract.unity.tests\bin\debug\contoso.abstract.unity.tests.dll" id="a6f7a45a-262b-14c5-063a-361adcaad309">
      <Execution id="e3401a20-e2d3-49f9-92df-edfccff8a599" />
      <TestMethod codeBase="C:/_APPLICATION/BCLEX-ABSTRACT/TESTS_/Contoso.Abstract.Unity.Tests/bin/Debug/Contoso.Abstract.Unity.Tests.DLL" adapterTypeName="Microsoft.VisualStudio.TestTools.TestTypes.Unit.UnitTestAdapter, Microsoft.VisualStudio.QualityTools.Tips.UnitTest.Adapter, Version=10.0.0.0, Culture=neutral, PublicKeyToken=b03f5f7f11d50a3a" className="Contoso.Abstract.UnityServiceRegistrarIntegrationTests, Contoso.Abstract.Unity.Tests, Version=1.0.0.0, Culture=neutral, PublicKeyToken=null" name="RegisterInstance_Generic_Should_Return_Same_Object" />
    </UnitTest>
    <UnitTest name="NonGeneric_Ask_For_Unknown_Service_Should_Throw_Exception" storage="c:\_application\bclex-abstract\tests_\contoso.abstract.unity.tests\bin\debug\contoso.abstract.unity.tests.dll" id="cb74064c-6dcf-3c22-a032-db937e56ba2f">
      <Execution id="03d372a1-f201-4679-8467-45b0e36c3654" />
      <TestMethod codeBase="C:/_APPLICATION/BCLEX-ABSTRACT/TESTS_/Contoso.Abstract.Unity.Tests/bin/Debug/Contoso.Abstract.Unity.Tests.DLL" adapterTypeName="Microsoft.VisualStudio.TestTools.TestTypes.Unit.UnitTestAdapter, Microsoft.VisualStudio.QualityTools.Tips.UnitTest.Adapter, Version=10.0.0.0, Culture=neutral, PublicKeyToken=b03f5f7f11d50a3a" className="Contoso.Abstract.UnityServiceLocatorIntegrationTests, Contoso.Abstract.Unity.Tests, Version=1.0.0.0, Culture=neutral, PublicKeyToken=null" name="NonGeneric_Ask_For_Unknown_Service_Should_Throw_Exception" />
    </UnitTest>
    <UnitTest name="DeploymentEnvironment_ToShortName_Return_ProperValues" storage="c:\_application\bclex-abstract\tests_\system.abstract.tests\bin\debug\system.abstract.tests.dll" id="9eff89b9-79d9-18d2-7891-75fc7f852a49">
      <Execution id="e8da285c-413f-49f8-8818-388bb65f33e6" />
      <TestMethod codeBase="C:/_APPLICATION/BCLEX-ABSTRACT/TESTS_/System.Abstract.Tests/bin/Debug/System.Abstract.Tests.DLL" adapterTypeName="Microsoft.VisualStudio.TestTools.TestTypes.Unit.UnitTestAdapter, Microsoft.VisualStudio.QualityTools.Tips.UnitTest.Adapter, Version=10.0.0.0, Culture=neutral, PublicKeyToken=b03f5f7f11d50a3a" className="System.Patterns.ReleaseManagement.ReleaseManagementExtensionsTests, System.Abstract.Tests, Version=1.0.0.0, Culture=neutral, PublicKeyToken=null" name="DeploymentEnvironment_ToShortName_Return_ProperValues" />
    </UnitTest>
    <UnitTest name="DeploymentEnvironment_IsExternalDeployment_Return_ProperValues" storage="c:\_application\bclex-abstract\tests_\system.abstract.tests\bin\debug\system.abstract.tests.dll" id="76ccad3b-715a-ed78-1375-68232aec7e19">
      <Execution id="43a82250-8546-4f28-a0ba-97fbd815f487" />
      <TestMethod codeBase="C:/_APPLICATION/BCLEX-ABSTRACT/TESTS_/System.Abstract.Tests/bin/Debug/System.Abstract.Tests.DLL" adapterTypeName="Microsoft.VisualStudio.TestTools.TestTypes.Unit.UnitTestAdapter, Microsoft.VisualStudio.QualityTools.Tips.UnitTest.Adapter, Version=10.0.0.0, Culture=neutral, PublicKeyToken=b03f5f7f11d50a3a" className="System.Patterns.ReleaseManagement.ReleaseManagementExtensionsTests, System.Abstract.Tests, Version=1.0.0.0, Culture=neutral, PublicKeyToken=null" name="DeploymentEnvironment_IsExternalDeployment_Return_ProperValues" />
    </UnitTest>
    <UnitTest name="Prepend_Should_Be_Called" storage="c:\_application\bclex-abstract\tests_\contoso.abstract.memcached.tests\bin\debug\contoso.abstract.memcached.tests.dll" id="d25c0416-8dab-65b8-5b9a-f02e9e1a36d0">
      <Execution id="de3d8ade-f634-44ee-aeb6-892444d57c33" />
      <TestMethod codeBase="C:/_APPLICATION/BCLEX-ABSTRACT/TESTS_/Contoso.Abstract.Memcached.Tests/bin/Debug/Contoso.Abstract.Memcached.Tests.DLL" adapterTypeName="Microsoft.VisualStudio.TestTools.TestTypes.Unit.UnitTestAdapter, Microsoft.VisualStudio.QualityTools.Tips.UnitTest.Adapter, Version=10.0.0.0, Culture=neutral, PublicKeyToken=b03f5f7f11d50a3a" className="Contoso.Abstract.DispatcherTests, Contoso.Abstract.Memcached.Tests, Version=1.0.0.0, Culture=neutral, PublicKeyToken=null" name="Prepend_Should_Be_Called" />
    </UnitTest>
    <UnitTest name="Register_With_Specified_Service_Should_Return_Same_Type" storage="c:\_application\bclex-abstract\tests_\contoso.abstract.structuremap.tests\bin\debug\contoso.abstract.structuremap.tests.dll" id="e7cb3223-d790-7d2d-a904-c32a7d8256fe">
      <Execution id="91f77550-ddda-4fdf-9e32-9332f9bdb016" />
      <TestMethod codeBase="C:/_APPLICATION/BCLEX-ABSTRACT/TESTS_/Contoso.Abstract.StructureMap.Tests/bin/Debug/Contoso.Abstract.StructureMap.Tests.DLL" adapterTypeName="Microsoft.VisualStudio.TestTools.TestTypes.Unit.UnitTestAdapter, Microsoft.VisualStudio.QualityTools.Tips.UnitTest.Adapter, Version=10.0.0.0, Culture=neutral, PublicKeyToken=b03f5f7f11d50a3a" className="Contoso.Abstract.StructureMapServiceRegistrarIntegrationTests, Contoso.Abstract.StructureMap.Tests, Version=1.0.0.0, Culture=neutral, PublicKeyToken=null" name="Register_With_Specified_Service_Should_Return_Same_Type" />
    </UnitTest>
    <UnitTest name="Register_With_Specified_Type_Should_Return_Same_Type" storage="c:\_application\bclex-abstract\tests_\contoso.abstract.unity.tests\bin\debug\contoso.abstract.unity.tests.dll" id="d6960729-ce5b-6ddd-fe43-3ca7d70e8e7b">
      <Execution id="e54cbb09-3bc3-499d-a4b1-ce2226488521" />
      <TestMethod codeBase="C:/_APPLICATION/BCLEX-ABSTRACT/TESTS_/Contoso.Abstract.Unity.Tests/bin/Debug/Contoso.Abstract.Unity.Tests.DLL" adapterTypeName="Microsoft.VisualStudio.TestTools.TestTypes.Unit.UnitTestAdapter, Microsoft.VisualStudio.QualityTools.Tips.UnitTest.Adapter, Version=10.0.0.0, Culture=neutral, PublicKeyToken=b03f5f7f11d50a3a" className="Contoso.Abstract.UnityServiceRegistrarIntegrationTests, Contoso.Abstract.Unity.Tests, Version=1.0.0.0, Culture=neutral, PublicKeyToken=null" name="Register_With_Specified_Type_Should_Return_Same_Type" />
    </UnitTest>
    <UnitTest name="GenericAndNonGeneric_Resolve_Method_Should_Return_Same_Instance_Type" storage="c:\_application\bclex-abstract\tests_\contoso.abstract.castlewindsor.tests\bin\debug\contoso.abstract.castlewindsor.tests.dll" id="7ca8b40e-c9cb-c0f8-637e-5a79cf8517b6">
      <Execution id="fed998f4-58a6-4a1b-b4b7-e35d1c768854" />
      <TestMethod codeBase="C:/_APPLICATION/BCLEX-ABSTRACT/TESTS_/Contoso.Abstract.CastleWindsor.Tests/bin/Debug/Contoso.Abstract.CastleWindsor.Tests.DLL" adapterTypeName="Microsoft.VisualStudio.TestTools.TestTypes.Unit.UnitTestAdapter, Microsoft.VisualStudio.QualityTools.Tips.UnitTest.Adapter, Version=10.0.0.0, Culture=neutral, PublicKeyToken=b03f5f7f11d50a3a" className="Contoso.Abstract.CastleWindsorServiceLocatorIntegrationTests, Contoso.Abstract.CastleWindsor.Tests, Version=1.0.0.0, Culture=neutral, PublicKeyToken=null" name="GenericAndNonGeneric_Resolve_Method_Should_Return_Same_Instance_Type" />
    </UnitTest>
    <UnitTest name="Register_With_FactoryMethod_Should_Return_Result_From_Factory" storage="c:\_application\bclex-abstract\tests_\contoso.abstract.ninject.tests\bin\debug\contoso.abstract.ninject.tests.dll" id="293cf601-f847-b9fb-e53f-ec05141aee16">
      <Execution id="94951a51-c659-4a05-b011-8a22796729cc" />
      <TestMethod codeBase="C:/_APPLICATION/BCLEX-ABSTRACT/TESTS_/Contoso.Abstract.Ninject.Tests/bin/Debug/Contoso.Abstract.Ninject.Tests.DLL" adapterTypeName="Microsoft.VisualStudio.TestTools.TestTypes.Unit.UnitTestAdapter, Microsoft.VisualStudio.QualityTools.Tips.UnitTest.Adapter, Version=10.0.0.0, Culture=neutral, PublicKeyToken=b03f5f7f11d50a3a" className="Contoso.Abstract.NinjectServiceRegistrarIntegrationTests, Contoso.Abstract.Ninject.Tests, Version=1.0.0.0, Culture=neutral, PublicKeyToken=null" name="Register_With_FactoryMethod_Should_Return_Result_From_Factory" />
    </UnitTest>
    <UnitTest name="Ask_For_Named_Instance" storage="c:\_application\bclex-abstract\tests_\contoso.abstract.castlewindsor.tests\bin\debug\contoso.abstract.castlewindsor.tests.dll" id="0f2843ec-10c3-2b52-6303-8c775ce4e7f2">
      <Execution id="18d5ae3b-51ff-4824-8a13-801685c0ba05" />
      <TestMethod codeBase="C:/_APPLICATION/BCLEX-ABSTRACT/TESTS_/Contoso.Abstract.CastleWindsor.Tests/bin/Debug/Contoso.Abstract.CastleWindsor.Tests.DLL" adapterTypeName="Microsoft.VisualStudio.TestTools.TestTypes.Unit.UnitTestAdapter, Microsoft.VisualStudio.QualityTools.Tips.UnitTest.Adapter, Version=10.0.0.0, Culture=neutral, PublicKeyToken=b03f5f7f11d50a3a" className="Contoso.Abstract.CastleWindsorServiceLocatorIntegrationTests, Contoso.Abstract.CastleWindsor.Tests, Version=1.0.0.0, Culture=neutral, PublicKeyToken=null" name="Ask_For_Named_Instance" />
    </UnitTest>
    <UnitTest name="Cas_Should_Be_Called" storage="c:\_application\bclex-abstract\tests_\contoso.abstract.memcached.tests\bin\debug\contoso.abstract.memcached.tests.dll" id="48df8bc5-b528-4f0e-fd72-592d2e06db16">
      <Execution id="7e4dc7ce-56a2-43b5-84cc-cce1d4ce7276" />
      <TestMethod codeBase="C:/_APPLICATION/BCLEX-ABSTRACT/TESTS_/Contoso.Abstract.Memcached.Tests/bin/Debug/Contoso.Abstract.Memcached.Tests.DLL" adapterTypeName="Microsoft.VisualStudio.TestTools.TestTypes.Unit.UnitTestAdapter, Microsoft.VisualStudio.QualityTools.Tips.UnitTest.Adapter, Version=10.0.0.0, Culture=neutral, PublicKeyToken=b03f5f7f11d50a3a" className="Contoso.Abstract.DispatcherTests, Contoso.Abstract.Memcached.Tests, Version=1.0.0.0, Culture=neutral, PublicKeyToken=null" name="Cas_Should_Be_Called" />
    </UnitTest>
    <UnitTest name="Register_With_Implementation_Type_Should_Return_Same_Type" storage="c:\_application\bclex-abstract\tests_\contoso.abstract.ninject.tests\bin\debug\contoso.abstract.ninject.tests.dll" id="542a454a-0ab5-a983-62ea-252993b92009">
      <Execution id="4221b2a7-81c3-487d-a529-14f06336d8a4" />
      <TestMethod codeBase="C:/_APPLICATION/BCLEX-ABSTRACT/TESTS_/Contoso.Abstract.Ninject.Tests/bin/Debug/Contoso.Abstract.Ninject.Tests.DLL" adapterTypeName="Microsoft.VisualStudio.TestTools.TestTypes.Unit.UnitTestAdapter, Microsoft.VisualStudio.QualityTools.Tips.UnitTest.Adapter, Version=10.0.0.0, Culture=neutral, PublicKeyToken=b03f5f7f11d50a3a" className="Contoso.Abstract.NinjectServiceRegistrarIntegrationTests, Contoso.Abstract.Ninject.Tests, Version=1.0.0.0, Culture=neutral, PublicKeyToken=null" name="Register_With_Implementation_Type_Should_Return_Same_Type" />
    </UnitTest>
    <UnitTest name="ResolveAll_Should_Return_All_Registered_Named_Services" storage="c:\_application\bclex-abstract\tests_\contoso.abstract.autofac.tests\bin\debug\contoso.abstract.autofac.tests.dll" id="ee072aff-cc9a-0c1a-1979-e4de379dc2e1">
      <Execution id="451d91dc-a647-4606-b34d-1ee95660c60d" />
      <TestMethod codeBase="C:/_APPLICATION/BCLEX-ABSTRACT/TESTS_/Contoso.Abstract.Autofac.Tests/bin/Debug/Contoso.Abstract.Autofac.Tests.DLL" adapterTypeName="Microsoft.VisualStudio.TestTools.TestTypes.Unit.UnitTestAdapter, Microsoft.VisualStudio.QualityTools.Tips.UnitTest.Adapter, Version=10.0.0.0, Culture=neutral, PublicKeyToken=b03f5f7f11d50a3a" className="Contoso.Abstract.AutofacServiceLocatorIntegrationTests, Contoso.Abstract.Autofac.Tests, Version=1.0.0.0, Culture=neutral, PublicKeyToken=null" name="ResolveAll_Should_Return_All_Registered_Named_Services" />
    </UnitTest>
    <UnitTest name="ResolveAll_Should_Return_All_Registered_UnNamed_Services" storage="c:\_application\bclex-abstract\tests_\contoso.abstract.hiro.tests\bin\debug\contoso.abstract.hiro.tests.dll" id="53b02da7-186a-d786-d643-3683d5d403af">
      <Execution id="e542cd1c-4055-4448-bf74-6c0995c992fe" />
      <TestMethod codeBase="C:/_APPLICATION/BCLEX-ABSTRACT/TESTS_/Contoso.Abstract.Hiro.Tests/bin/Debug/Contoso.Abstract.Hiro.Tests.DLL" adapterTypeName="Microsoft.VisualStudio.TestTools.TestTypes.Unit.UnitTestAdapter, Microsoft.VisualStudio.QualityTools.Tips.UnitTest.Adapter, Version=10.0.0.0, Culture=neutral, PublicKeyToken=b03f5f7f11d50a3a" className="Contoso.Abstract.HiroServiceLocatorIntegrationTests, Contoso.Abstract.Hiro.Tests, Version=1.0.0.0, Culture=neutral, PublicKeyToken=null" name="ResolveAll_Should_Return_All_Registered_UnNamed_Services" />
    </UnitTest>
    <UnitTest name="NonGeneric_Ask_For_Unknown_Service_Should_Throw_Exception" storage="c:\_application\bclex-abstract\tests_\contoso.abstract.castlewindsor.tests\bin\debug\contoso.abstract.castlewindsor.tests.dll" id="ecccad62-35bd-89d6-2071-f38105a561db">
      <Execution id="1ff2d8a7-0372-4c88-b741-63df50c8d0ad" />
      <TestMethod codeBase="C:/_APPLICATION/BCLEX-ABSTRACT/TESTS_/Contoso.Abstract.CastleWindsor.Tests/bin/Debug/Contoso.Abstract.CastleWindsor.Tests.DLL" adapterTypeName="Microsoft.VisualStudio.TestTools.TestTypes.Unit.UnitTestAdapter, Microsoft.VisualStudio.QualityTools.Tips.UnitTest.Adapter, Version=10.0.0.0, Culture=neutral, PublicKeyToken=b03f5f7f11d50a3a" className="Contoso.Abstract.CastleWindsorServiceLocatorIntegrationTests, Contoso.Abstract.CastleWindsor.Tests, Version=1.0.0.0, Culture=neutral, PublicKeyToken=null" name="NonGeneric_Ask_For_Unknown_Service_Should_Throw_Exception" />
    </UnitTest>
    <UnitTest name="GetServiceLocatorGeneric_Returns_Generic" storage="c:\_application\bclex-abstract\tests_\system.abstract.tests\bin\debug\system.abstract.tests.dll" id="772a6c6c-c23c-d285-5d0f-0c10a9ff72b5">
      <Execution id="76d1b5c7-36a8-4773-8ce3-c82360878c18" />
      <TestMethod codeBase="C:/_APPLICATION/BCLEX-ABSTRACT/TESTS_/System.Abstract.Tests/bin/Debug/System.Abstract.Tests.DLL" adapterTypeName="Microsoft.VisualStudio.TestTools.TestTypes.Unit.UnitTestAdapter, Microsoft.VisualStudio.QualityTools.Tips.UnitTest.Adapter, Version=10.0.0.0, Culture=neutral, PublicKeyToken=b03f5f7f11d50a3a" className="System.Abstract.IServiceLocatorExtensionsTests, System.Abstract.Tests, Version=1.0.0.0, Culture=neutral, PublicKeyToken=null" name="GetServiceLocatorGeneric_Returns_Generic" />
    </UnitTest>
    <UnitTest name="Asking_For_Invalid_Service_Should_Raise_Exception" storage="c:\_application\bclex-abstract\tests_\contoso.abstract.ninject.tests\bin\debug\contoso.abstract.ninject.tests.dll" id="70cd5c46-59b3-2308-482a-6ecbce1c753e">
      <Execution id="ea21fa11-193d-42d6-80db-144ef16e5389" />
      <TestMethod codeBase="C:/_APPLICATION/BCLEX-ABSTRACT/TESTS_/Contoso.Abstract.Ninject.Tests/bin/Debug/Contoso.Abstract.Ninject.Tests.DLL" adapterTypeName="Microsoft.VisualStudio.TestTools.TestTypes.Unit.UnitTestAdapter, Microsoft.VisualStudio.QualityTools.Tips.UnitTest.Adapter, Version=10.0.0.0, Culture=neutral, PublicKeyToken=b03f5f7f11d50a3a" className="Contoso.Abstract.NinjectServiceLocatorIntegrationTests, Contoso.Abstract.Ninject.Tests, Version=1.0.0.0, Culture=neutral, PublicKeyToken=null" name="Asking_For_Invalid_Service_Should_Raise_Exception" />
    </UnitTest>
    <UnitTest name="DeploymentEnvironment_ToCode_Return_ProperValues" storage="c:\_application\bclex-abstract\tests_\system.abstract.tests\bin\debug\system.abstract.tests.dll" id="25bfe464-974f-81d8-12e6-d1a3c01eb8e4">
      <Execution id="b63708d9-1536-47df-92e7-eaf274d9cf5b" />
      <TestMethod codeBase="C:/_APPLICATION/BCLEX-ABSTRACT/TESTS_/System.Abstract.Tests/bin/Debug/System.Abstract.Tests.DLL" adapterTypeName="Microsoft.VisualStudio.TestTools.TestTypes.Unit.UnitTestAdapter, Microsoft.VisualStudio.QualityTools.Tips.UnitTest.Adapter, Version=10.0.0.0, Culture=neutral, PublicKeyToken=b03f5f7f11d50a3a" className="System.Patterns.ReleaseManagement.ReleaseManagementExtensionsTests, System.Abstract.Tests, Version=1.0.0.0, Culture=neutral, PublicKeyToken=null" name="DeploymentEnvironment_ToCode_Return_ProperValues" />
    </UnitTest>
    <UnitTest name="Resolve_Should_Return_Valid_Instance" storage="c:\_application\bclex-abstract\tests_\contoso.abstract.ninject.tests\bin\debug\contoso.abstract.ninject.tests.dll" id="67a46659-cdb9-182b-0b3d-7521c26f3047">
      <Execution id="81d57c90-616e-4714-8c8e-75625fae9898" />
      <TestMethod codeBase="C:/_APPLICATION/BCLEX-ABSTRACT/TESTS_/Contoso.Abstract.Ninject.Tests/bin/Debug/Contoso.Abstract.Ninject.Tests.DLL" adapterTypeName="Microsoft.VisualStudio.TestTools.TestTypes.Unit.UnitTestAdapter, Microsoft.VisualStudio.QualityTools.Tips.UnitTest.Adapter, Version=10.0.0.0, Culture=neutral, PublicKeyToken=b03f5f7f11d50a3a" className="Contoso.Abstract.NinjectServiceLocatorIntegrationTests, Contoso.Abstract.Ninject.Tests, Version=1.0.0.0, Culture=neutral, PublicKeyToken=null" name="Resolve_Should_Return_Valid_Instance" />
    </UnitTest>
    <UnitTest name="ResolveAll_Should_Return_All_Registered_Named_Services" storage="c:\_application\bclex-abstract\tests_\contoso.abstract.unity.tests\bin\debug\contoso.abstract.unity.tests.dll" id="8a7cfd5d-741c-35bc-fede-3f116a72dcc9">
      <Execution id="98173fa0-7a57-46dd-a435-5302fdd3d1ea" />
      <TestMethod codeBase="C:/_APPLICATION/BCLEX-ABSTRACT/TESTS_/Contoso.Abstract.Unity.Tests/bin/Debug/Contoso.Abstract.Unity.Tests.DLL" adapterTypeName="Microsoft.VisualStudio.TestTools.TestTypes.Unit.UnitTestAdapter, Microsoft.VisualStudio.QualityTools.Tips.UnitTest.Adapter, Version=10.0.0.0, Culture=neutral, PublicKeyToken=b03f5f7f11d50a3a" className="Contoso.Abstract.UnityServiceLocatorIntegrationTests, Contoso.Abstract.Unity.Tests, Version=1.0.0.0, Culture=neutral, PublicKeyToken=null" name="ResolveAll_Should_Return_All_Registered_Named_Services" />
    </UnitTest>
    <UnitTest name="Resolve_Should_Return_Valid_Instance" storage="c:\_application\bclex-abstract\tests_\system.abstract.tests\bin\debug\system.abstract.tests.dll" id="89c74e18-c992-b859-137d-0c7e439ca23f">
      <Execution id="f40f4bf8-1d6d-4bee-bdb0-87d6870af7a7" />
      <TestMethod codeBase="C:/_APPLICATION/BCLEX-ABSTRACT/TESTS_/System.Abstract.Tests/bin/Debug/System.Abstract.Tests.DLL" adapterTypeName="Microsoft.VisualStudio.TestTools.TestTypes.Unit.UnitTestAdapter, Microsoft.VisualStudio.QualityTools.Tips.UnitTest.Adapter, Version=10.0.0.0, Culture=neutral, PublicKeyToken=b03f5f7f11d50a3a" className="Contoso.Abstract.MicroServiceLocatorIntegrationTests, System.Abstract.Tests, Version=1.0.0.0, Culture=neutral, PublicKeyToken=null" name="Resolve_Should_Return_Valid_Instance" />
    </UnitTest>
    <UnitTest name="GetRegistrationsFor" storage="c:\_application\bclex-abstract\tests_\contoso.abstract.ninject.tests\bin\debug\contoso.abstract.ninject.tests.dll" id="2f994507-1465-2bc2-c7b7-42c146d44ce1">
      <Execution id="19f78f0e-03b3-499e-a0c5-85c93e0746d7" />
      <TestMethod codeBase="C:/_APPLICATION/BCLEX-ABSTRACT/TESTS_/Contoso.Abstract.Ninject.Tests/bin/Debug/Contoso.Abstract.Ninject.Tests.DLL" adapterTypeName="Microsoft.VisualStudio.TestTools.TestTypes.Unit.UnitTestAdapter, Microsoft.VisualStudio.QualityTools.Tips.UnitTest.Adapter, Version=10.0.0.0, Culture=neutral, PublicKeyToken=b03f5f7f11d50a3a" className="Contoso.Abstract.NinjectServiceRegistrarIntegrationTests, Contoso.Abstract.Ninject.Tests, Version=1.0.0.0, Culture=neutral, PublicKeyToken=null" name="GetRegistrationsFor" />
    </UnitTest>
    <UnitTest name="Register_With_Specified_Service_And_Type_Should_Return_Same_Type" storage="c:\_application\bclex-abstract\tests_\contoso.abstract.castlewindsor.tests\bin\debug\contoso.abstract.castlewindsor.tests.dll" id="1a988225-5a2c-1e6c-bc44-18f6d77c9cc9">
      <Execution id="a4a874b3-80b2-4b3b-940c-14f256eedbe3" />
      <TestMethod codeBase="C:/_APPLICATION/BCLEX-ABSTRACT/TESTS_/Contoso.Abstract.CastleWindsor.Tests/bin/Debug/Contoso.Abstract.CastleWindsor.Tests.DLL" adapterTypeName="Microsoft.VisualStudio.TestTools.TestTypes.Unit.UnitTestAdapter, Microsoft.VisualStudio.QualityTools.Tips.UnitTest.Adapter, Version=10.0.0.0, Culture=neutral, PublicKeyToken=b03f5f7f11d50a3a" className="Contoso.Abstract.CastleWindsorServiceRegistrarIntegrationTests, Contoso.Abstract.CastleWindsor.Tests, Version=1.0.0.0, Culture=neutral, PublicKeyToken=null" name="Register_With_Specified_Service_And_Type_Should_Return_Same_Type" />
    </UnitTest>
    <UnitTest name="CreateMessage_Should_Return_Valid_Instance" storage="c:\_application\bclex-abstract\tests_\system.abstract.tests\bin\debug\system.abstract.tests.dll" id="5d102ff3-dd29-3c73-5cdf-b7606f103504">
      <Execution id="bae4e2f8-c8c4-4020-92aa-8b603662eaa8" />
      <TestMethod codeBase="C:/_APPLICATION/BCLEX-ABSTRACT/TESTS_/System.Abstract.Tests/bin/Debug/System.Abstract.Tests.DLL" adapterTypeName="Microsoft.VisualStudio.TestTools.TestTypes.Unit.UnitTestAdapter, Microsoft.VisualStudio.QualityTools.Tips.UnitTest.Adapter, Version=10.0.0.0, Culture=neutral, PublicKeyToken=b03f5f7f11d50a3a" className="Contoso.Abstract.EventSourcing.MemoryAggregateRootSnapshotStoreIntegrationTests, System.Abstract.Tests, Version=1.0.0.0, Culture=neutral, PublicKeyToken=null" name="CreateMessage_Should_Return_Valid_Instance" />
    </UnitTest>
    <UnitTest name="GetRegistrationsFor" storage="c:\_application\bclex-abstract\tests_\system.abstract.tests\bin\debug\system.abstract.tests.dll" id="e76f8fb0-2af9-acd9-48cd-2502c67103b9">
      <Execution id="b9fd7cd2-2ad0-429d-ad78-52961ca307b3" />
      <TestMethod codeBase="C:/_APPLICATION/BCLEX-ABSTRACT/TESTS_/System.Abstract.Tests/bin/Debug/System.Abstract.Tests.DLL" adapterTypeName="Microsoft.VisualStudio.TestTools.TestTypes.Unit.UnitTestAdapter, Microsoft.VisualStudio.QualityTools.Tips.UnitTest.Adapter, Version=10.0.0.0, Culture=neutral, PublicKeyToken=b03f5f7f11d50a3a" className="Contoso.Abstract.MicroServiceRegistrarIntegrationTests, System.Abstract.Tests, Version=1.0.0.0, Culture=neutral, PublicKeyToken=null" name="GetRegistrationsFor" />
    </UnitTest>
    <UnitTest name="Ask_For_Named_Instance" storage="c:\_application\bclex-abstract\tests_\contoso.abstract.autofac.tests\bin\debug\contoso.abstract.autofac.tests.dll" id="80acecc1-5462-bcca-9edb-f5880ca645a8">
      <Execution id="702326e2-1836-45fe-b8b7-8de9dfd77074" />
      <TestMethod codeBase="C:/_APPLICATION/BCLEX-ABSTRACT/TESTS_/Contoso.Abstract.Autofac.Tests/bin/Debug/Contoso.Abstract.Autofac.Tests.DLL" adapterTypeName="Microsoft.VisualStudio.TestTools.TestTypes.Unit.UnitTestAdapter, Microsoft.VisualStudio.QualityTools.Tips.UnitTest.Adapter, Version=10.0.0.0, Culture=neutral, PublicKeyToken=b03f5f7f11d50a3a" className="Contoso.Abstract.AutofacServiceLocatorIntegrationTests, Contoso.Abstract.Autofac.Tests, Version=1.0.0.0, Culture=neutral, PublicKeyToken=null" name="Ask_For_Named_Instance" />
    </UnitTest>
    <UnitTest name="NonGeneric_Asking_For_Invalid_Service_Should_Raise_Exception" storage="c:\_application\bclex-abstract\tests_\contoso.abstract.hiro.tests\bin\debug\contoso.abstract.hiro.tests.dll" id="60defe10-a6b1-bf18-bec3-c5f52835fcd4">
      <Execution id="d3f138b7-5c33-47b4-83b4-b03728e6cfe8" />
      <TestMethod codeBase="C:/_APPLICATION/BCLEX-ABSTRACT/TESTS_/Contoso.Abstract.Hiro.Tests/bin/Debug/Contoso.Abstract.Hiro.Tests.DLL" adapterTypeName="Microsoft.VisualStudio.TestTools.TestTypes.Unit.UnitTestAdapter, Microsoft.VisualStudio.QualityTools.Tips.UnitTest.Adapter, Version=10.0.0.0, Culture=neutral, PublicKeyToken=b03f5f7f11d50a3a" className="Contoso.Abstract.HiroServiceLocatorIntegrationTests, Contoso.Abstract.Hiro.Tests, Version=1.0.0.0, Culture=neutral, PublicKeyToken=null" name="NonGeneric_Asking_For_Invalid_Service_Should_Raise_Exception" />
    </UnitTest>
    <UnitTest name="Register_With_Keyed_Type_Should_Return_Same_Type" storage="c:\_application\bclex-abstract\tests_\contoso.abstract.hiro.tests\bin\debug\contoso.abstract.hiro.tests.dll" id="d161f377-6676-5aa8-8ebf-4add232b1d82">
      <Execution id="6cd1fd6d-8b57-439d-95fb-ce6238e26b0c" />
      <TestMethod codeBase="C:/_APPLICATION/BCLEX-ABSTRACT/TESTS_/Contoso.Abstract.Hiro.Tests/bin/Debug/Contoso.Abstract.Hiro.Tests.DLL" adapterTypeName="Microsoft.VisualStudio.TestTools.TestTypes.Unit.UnitTestAdapter, Microsoft.VisualStudio.QualityTools.Tips.UnitTest.Adapter, Version=10.0.0.0, Culture=neutral, PublicKeyToken=b03f5f7f11d50a3a" className="Contoso.Abstract.HiroServiceRegistrarIntegrationTests, Contoso.Abstract.Hiro.Tests, Version=1.0.0.0, Culture=neutral, PublicKeyToken=null" name="Register_With_Keyed_Type_Should_Return_Same_Type" />
    </UnitTest>
    <UnitTest name="RegisterInstance_Should_Return_Same_Object" storage="c:\_application\bclex-abstract\tests_\contoso.abstract.unity.tests\bin\debug\contoso.abstract.unity.tests.dll" id="46b16383-e346-cefa-eda4-674491a4bbcc">
      <Execution id="dee3cf43-67cb-4c21-aeef-d395e5c5813f" />
      <TestMethod codeBase="C:/_APPLICATION/BCLEX-ABSTRACT/TESTS_/Contoso.Abstract.Unity.Tests/bin/Debug/Contoso.Abstract.Unity.Tests.DLL" adapterTypeName="Microsoft.VisualStudio.TestTools.TestTypes.Unit.UnitTestAdapter, Microsoft.VisualStudio.QualityTools.Tips.UnitTest.Adapter, Version=10.0.0.0, Culture=neutral, PublicKeyToken=b03f5f7f11d50a3a" className="Contoso.Abstract.UnityServiceRegistrarIntegrationTests, Contoso.Abstract.Unity.Tests, Version=1.0.0.0, Culture=neutral, PublicKeyToken=null" name="RegisterInstance_Should_Return_Same_Object" />
    </UnitTest>
    <UnitTest name="RegisterInstance_Generic_Should_Return_Same_Object" storage="c:\_application\bclex-abstract\tests_\system.abstract.tests\bin\debug\system.abstract.tests.dll" id="40c93e8d-a78a-1395-ce07-b8cec6847b04">
      <Execution id="f6636377-4f2d-4a7d-bab6-ef7b328f12a4" />
      <TestMethod codeBase="C:/_APPLICATION/BCLEX-ABSTRACT/TESTS_/System.Abstract.Tests/bin/Debug/System.Abstract.Tests.DLL" adapterTypeName="Microsoft.VisualStudio.TestTools.TestTypes.Unit.UnitTestAdapter, Microsoft.VisualStudio.QualityTools.Tips.UnitTest.Adapter, Version=10.0.0.0, Culture=neutral, PublicKeyToken=b03f5f7f11d50a3a" className="Contoso.Abstract.MicroServiceRegistrarIntegrationTests, System.Abstract.Tests, Version=1.0.0.0, Culture=neutral, PublicKeyToken=null" name="RegisterInstance_Generic_Should_Return_Same_Object" />
    </UnitTest>
    <UnitTest name="ResolveAll_For_Unknown_Type_Should_Return_Empty_Enumerable" storage="c:\_application\bclex-abstract\tests_\system.abstract.tests\bin\debug\system.abstract.tests.dll" id="c0f9e818-5f6f-c0f3-ac57-2e47e06107ab">
      <Execution id="e147eb43-1901-4f5b-8ef4-1300a3c8ccdd" />
      <TestMethod codeBase="C:/_APPLICATION/BCLEX-ABSTRACT/TESTS_/System.Abstract.Tests/bin/Debug/System.Abstract.Tests.DLL" adapterTypeName="Microsoft.VisualStudio.TestTools.TestTypes.Unit.UnitTestAdapter, Microsoft.VisualStudio.QualityTools.Tips.UnitTest.Adapter, Version=10.0.0.0, Culture=neutral, PublicKeyToken=b03f5f7f11d50a3a" className="Contoso.Abstract.MicroServiceLocatorIntegrationTests, System.Abstract.Tests, Version=1.0.0.0, Culture=neutral, PublicKeyToken=null" name="ResolveAll_For_Unknown_Type_Should_Return_Empty_Enumerable" />
    </UnitTest>
    <UnitTest name="Register_With_FactoryMethod_Should_Return_Result_From_Factory" storage="c:\_application\bclex-abstract\tests_\contoso.abstract.structuremap.tests\bin\debug\contoso.abstract.structuremap.tests.dll" id="950bea4a-7d5d-80be-f6c9-e3c5d65fa8a2">
      <Execution id="8a133f45-4b0b-4eb5-82ac-0ccd3e1f7b98" />
      <TestMethod codeBase="C:/_APPLICATION/BCLEX-ABSTRACT/TESTS_/Contoso.Abstract.StructureMap.Tests/bin/Debug/Contoso.Abstract.StructureMap.Tests.DLL" adapterTypeName="Microsoft.VisualStudio.TestTools.TestTypes.Unit.UnitTestAdapter, Microsoft.VisualStudio.QualityTools.Tips.UnitTest.Adapter, Version=10.0.0.0, Culture=neutral, PublicKeyToken=b03f5f7f11d50a3a" className="Contoso.Abstract.StructureMapServiceRegistrarIntegrationTests, Contoso.Abstract.StructureMap.Tests, Version=1.0.0.0, Culture=neutral, PublicKeyToken=null" name="Register_With_FactoryMethod_Should_Return_Result_From_Factory" />
    </UnitTest>
    <UnitTest name="RegisterInstance_Named_Should_Return_Same_Object" storage="c:\_application\bclex-abstract\tests_\contoso.abstract.ninject.tests\bin\debug\contoso.abstract.ninject.tests.dll" id="e7046dae-84ae-4a12-58ce-24b566dde2bd">
      <Execution id="ea7240bc-001f-446f-8277-735afcadc088" />
      <TestMethod codeBase="C:/_APPLICATION/BCLEX-ABSTRACT/TESTS_/Contoso.Abstract.Ninject.Tests/bin/Debug/Contoso.Abstract.Ninject.Tests.DLL" adapterTypeName="Microsoft.VisualStudio.TestTools.TestTypes.Unit.UnitTestAdapter, Microsoft.VisualStudio.QualityTools.Tips.UnitTest.Adapter, Version=10.0.0.0, Culture=neutral, PublicKeyToken=b03f5f7f11d50a3a" className="Contoso.Abstract.NinjectServiceRegistrarIntegrationTests, Contoso.Abstract.Ninject.Tests, Version=1.0.0.0, Culture=neutral, PublicKeyToken=null" name="RegisterInstance_Named_Should_Return_Same_Object" />
    </UnitTest>
    <UnitTest name="Register_With_Specified_Type_Should_Return_Same_Type" storage="c:\_application\bclex-abstract\tests_\contoso.abstract.autofac.tests\bin\debug\contoso.abstract.autofac.tests.dll" id="cf8a79b9-b4f0-06bb-feb0-eb8aeabf20bf">
      <Execution id="6d564e27-6d8c-463c-ba99-709a2d313494" />
      <TestMethod codeBase="C:/_APPLICATION/BCLEX-ABSTRACT/TESTS_/Contoso.Abstract.Autofac.Tests/bin/Debug/Contoso.Abstract.Autofac.Tests.DLL" adapterTypeName="Microsoft.VisualStudio.TestTools.TestTypes.Unit.UnitTestAdapter, Microsoft.VisualStudio.QualityTools.Tips.UnitTest.Adapter, Version=10.0.0.0, Culture=neutral, PublicKeyToken=b03f5f7f11d50a3a" className="Contoso.Abstract.AutofacServiceRegistrarIntegrationTests, Contoso.Abstract.Autofac.Tests, Version=1.0.0.0, Culture=neutral, PublicKeyToken=null" name="Register_With_Specified_Type_Should_Return_Same_Type" />
    </UnitTest>
    <UnitTest name="Null_Provider_Throws_InvalidOperation_Exception" storage="c:\_application\bclex-abstract\tests_\system.abstract.tests\bin\debug\system.abstract.tests.dll" id="c523b861-37a8-021b-3143-ced4575ada07">
      <Execution id="1d7dc56c-e324-4342-8250-0448f20e502d" />
      <TestMethod codeBase="C:/_APPLICATION/BCLEX-ABSTRACT/TESTS_/System.Abstract.Tests/bin/Debug/System.Abstract.Tests.DLL" adapterTypeName="Microsoft.VisualStudio.TestTools.TestTypes.Unit.UnitTestAdapter, Microsoft.VisualStudio.QualityTools.Tips.UnitTest.Adapter, Version=10.0.0.0, Culture=neutral, PublicKeyToken=b03f5f7f11d50a3a" className="System.Abstract.ServiceLocatorManagerTests, System.Abstract.Tests, Version=1.0.0.0, Culture=neutral, PublicKeyToken=null" name="Null_Provider_Throws_InvalidOperation_Exception" />
    </UnitTest>
    <UnitTest name="Remove_Should_Be_Called" storage="c:\_application\bclex-abstract\tests_\contoso.abstract.memcached.tests\bin\debug\contoso.abstract.memcached.tests.dll" id="3501a232-81b7-114d-fa86-73d962c85c37">
      <Execution id="689fa8b9-d3ef-415b-b432-5150ef6f8679" />
      <TestMethod codeBase="C:/_APPLICATION/BCLEX-ABSTRACT/TESTS_/Contoso.Abstract.Memcached.Tests/bin/Debug/Contoso.Abstract.Memcached.Tests.DLL" adapterTypeName="Microsoft.VisualStudio.TestTools.TestTypes.Unit.UnitTestAdapter, Microsoft.VisualStudio.QualityTools.Tips.UnitTest.Adapter, Version=10.0.0.0, Culture=neutral, PublicKeyToken=b03f5f7f11d50a3a" className="Contoso.Abstract.DispatcherTests, Contoso.Abstract.Memcached.Tests, Version=1.0.0.0, Culture=neutral, PublicKeyToken=null" name="Remove_Should_Be_Called" />
    </UnitTest>
    <UnitTest name="RegisterInstance_Named_Should_Return_Same_Object" storage="c:\_application\bclex-abstract\tests_\contoso.abstract.unity.tests\bin\debug\contoso.abstract.unity.tests.dll" id="cf473140-1215-1c85-8aeb-6d550f1ecc91">
      <Execution id="9667ff29-9ad5-4aaf-866a-efdecb5b3c2e" />
      <TestMethod codeBase="C:/_APPLICATION/BCLEX-ABSTRACT/TESTS_/Contoso.Abstract.Unity.Tests/bin/Debug/Contoso.Abstract.Unity.Tests.DLL" adapterTypeName="Microsoft.VisualStudio.TestTools.TestTypes.Unit.UnitTestAdapter, Microsoft.VisualStudio.QualityTools.Tips.UnitTest.Adapter, Version=10.0.0.0, Culture=neutral, PublicKeyToken=b03f5f7f11d50a3a" className="Contoso.Abstract.UnityServiceRegistrarIntegrationTests, Contoso.Abstract.Unity.Tests, Version=1.0.0.0, Culture=neutral, PublicKeyToken=null" name="RegisterInstance_Named_Should_Return_Same_Object" />
    </UnitTest>
    <UnitTest name="NonGeneric_Ask_For_Unknown_Service_Should_Throw_Exception" storage="c:\_application\bclex-abstract\tests_\contoso.abstract.autofac.tests\bin\debug\contoso.abstract.autofac.tests.dll" id="f7571b4e-994b-3e9f-cd6a-a99f83752134">
      <Execution id="06fa693a-a4aa-4bb4-8745-7f47d8f117ee" />
      <TestMethod codeBase="C:/_APPLICATION/BCLEX-ABSTRACT/TESTS_/Contoso.Abstract.Autofac.Tests/bin/Debug/Contoso.Abstract.Autofac.Tests.DLL" adapterTypeName="Microsoft.VisualStudio.TestTools.TestTypes.Unit.UnitTestAdapter, Microsoft.VisualStudio.QualityTools.Tips.UnitTest.Adapter, Version=10.0.0.0, Culture=neutral, PublicKeyToken=b03f5f7f11d50a3a" className="Contoso.Abstract.AutofacServiceLocatorIntegrationTests, Contoso.Abstract.Autofac.Tests, Version=1.0.0.0, Culture=neutral, PublicKeyToken=null" name="NonGeneric_Ask_For_Unknown_Service_Should_Throw_Exception" />
    </UnitTest>
    <UnitTest name="RegisterInstance_GenericNamed_Should_Return_Same_Object" storage="c:\_application\bclex-abstract\tests_\contoso.abstract.unity.tests\bin\debug\contoso.abstract.unity.tests.dll" id="ab0945cb-af92-67aa-8a3d-3ebc43703f48">
      <Execution id="d8ac575b-5cce-4d28-89a9-a4fdc5df9153" />
      <TestMethod codeBase="C:/_APPLICATION/BCLEX-ABSTRACT/TESTS_/Contoso.Abstract.Unity.Tests/bin/Debug/Contoso.Abstract.Unity.Tests.DLL" adapterTypeName="Microsoft.VisualStudio.TestTools.TestTypes.Unit.UnitTestAdapter, Microsoft.VisualStudio.QualityTools.Tips.UnitTest.Adapter, Version=10.0.0.0, Culture=neutral, PublicKeyToken=b03f5f7f11d50a3a" className="Contoso.Abstract.UnityServiceRegistrarIntegrationTests, Contoso.Abstract.Unity.Tests, Version=1.0.0.0, Culture=neutral, PublicKeyToken=null" name="RegisterInstance_GenericNamed_Should_Return_Same_Object" />
    </UnitTest>
    <UnitTest name="RegisterInstance_Should_Return_Same_Object_For_Same_Type" storage="c:\_application\bclex-abstract\tests_\contoso.abstract.autofac.tests\bin\debug\contoso.abstract.autofac.tests.dll" id="14c9ffdd-a391-5bb4-4c66-7dacf1815b8b">
      <Execution id="753f3a33-0e8b-4eb1-8a65-547ebda52327" />
      <TestMethod codeBase="C:/_APPLICATION/BCLEX-ABSTRACT/TESTS_/Contoso.Abstract.Autofac.Tests/bin/Debug/Contoso.Abstract.Autofac.Tests.DLL" adapterTypeName="Microsoft.VisualStudio.TestTools.TestTypes.Unit.UnitTestAdapter, Microsoft.VisualStudio.QualityTools.Tips.UnitTest.Adapter, Version=10.0.0.0, Culture=neutral, PublicKeyToken=b03f5f7f11d50a3a" className="Contoso.Abstract.AutofacServiceRegistrarIntegrationTests, Contoso.Abstract.Autofac.Tests, Version=1.0.0.0, Culture=neutral, PublicKeyToken=null" name="RegisterInstance_Should_Return_Same_Object_For_Same_Type" />
    </UnitTest>
    <UnitTest name="Store_Should_Be_Called" storage="c:\_application\bclex-abstract\tests_\contoso.abstract.memcached.tests\bin\debug\contoso.abstract.memcached.tests.dll" id="2b8a6791-aa68-60e9-5774-22d50e01966a">
      <Execution id="db815a49-8647-4af2-8b99-f11d8616cd6a" />
      <TestMethod codeBase="C:/_APPLICATION/BCLEX-ABSTRACT/TESTS_/Contoso.Abstract.Memcached.Tests/bin/Debug/Contoso.Abstract.Memcached.Tests.DLL" adapterTypeName="Microsoft.VisualStudio.TestTools.TestTypes.Unit.UnitTestAdapter, Microsoft.VisualStudio.QualityTools.Tips.UnitTest.Adapter, Version=10.0.0.0, Culture=neutral, PublicKeyToken=b03f5f7f11d50a3a" className="Contoso.Abstract.DispatcherTests, Contoso.Abstract.Memcached.Tests, Version=1.0.0.0, Culture=neutral, PublicKeyToken=null" name="Store_Should_Be_Called" />
    </UnitTest>
    <UnitTest name="XXX" storage="c:\_application\bclex-abstract\tests_\system.abstract.tests\bin\debug\system.abstract.tests.dll" id="d590ae52-0ebc-a9c3-3010-98f606f16d93">
      <Execution id="3503b451-424a-4e83-a248-05424186075c" />
      <TestMethod codeBase="C:/_APPLICATION/BCLEX-ABSTRACT/TESTS_/System.Abstract.Tests/bin/Debug/System.Abstract.Tests.DLL" adapterTypeName="Microsoft.VisualStudio.TestTools.TestTypes.Unit.UnitTestAdapter, Microsoft.VisualStudio.QualityTools.Tips.UnitTest.Adapter, Version=10.0.0.0, Culture=neutral, PublicKeyToken=b03f5f7f11d50a3a" className="System.DateTimeEx2Tests, System.Abstract.Tests, Version=1.0.0.0, Culture=neutral, PublicKeyToken=null" name="XXX" />
    </UnitTest>
    <UnitTest name="Resolve_Should_Return_Valid_Instance" storage="c:\_application\bclex-abstract\tests_\contoso.abstract.autofac.tests\bin\debug\contoso.abstract.autofac.tests.dll" id="db7633ee-f326-0df7-2e4c-97bfe5a20cbc">
      <Execution id="1fbe8d21-0dcb-4212-9d74-aaf92b70841f" />
      <TestMethod codeBase="C:/_APPLICATION/BCLEX-ABSTRACT/TESTS_/Contoso.Abstract.Autofac.Tests/bin/Debug/Contoso.Abstract.Autofac.Tests.DLL" adapterTypeName="Microsoft.VisualStudio.TestTools.TestTypes.Unit.UnitTestAdapter, Microsoft.VisualStudio.QualityTools.Tips.UnitTest.Adapter, Version=10.0.0.0, Culture=neutral, PublicKeyToken=b03f5f7f11d50a3a" className="Contoso.Abstract.AutofacServiceLocatorIntegrationTests, Contoso.Abstract.Autofac.Tests, Version=1.0.0.0, Culture=neutral, PublicKeyToken=null" name="Resolve_Should_Return_Valid_Instance" />
    </UnitTest>
    <UnitTest name="Asking_For_UnRegistered_Service_Return_Valid_Instance" storage="c:\_application\bclex-abstract\tests_\contoso.abstract.unity.tests\bin\debug\contoso.abstract.unity.tests.dll" id="1a09e831-327c-8609-7b6d-c0a682af72bb">
      <Execution id="d28c9db7-818d-473f-90ea-8d4639b03808" />
      <TestMethod codeBase="C:/_APPLICATION/BCLEX-ABSTRACT/TESTS_/Contoso.Abstract.Unity.Tests/bin/Debug/Contoso.Abstract.Unity.Tests.DLL" adapterTypeName="Microsoft.VisualStudio.TestTools.TestTypes.Unit.UnitTestAdapter, Microsoft.VisualStudio.QualityTools.Tips.UnitTest.Adapter, Version=10.0.0.0, Culture=neutral, PublicKeyToken=b03f5f7f11d50a3a" className="Contoso.Abstract.UnityServiceLocatorIntegrationTests, Contoso.Abstract.Unity.Tests, Version=1.0.0.0, Culture=neutral, PublicKeyToken=null" name="Asking_For_UnRegistered_Service_Return_Valid_Instance" />
    </UnitTest>
    <UnitTest name="GenericAndNonGeneric_Resolve_Method_Should_Return_Same_Instance_Type" storage="c:\_application\bclex-abstract\tests_\contoso.abstract.structuremap.tests\bin\debug\contoso.abstract.structuremap.tests.dll" id="fe0afec5-90b1-1cd6-dfc9-5dcf60660f1a">
      <Execution id="bb66f53d-afa8-4b5b-a75f-e2f6f814906d" />
      <TestMethod codeBase="C:/_APPLICATION/BCLEX-ABSTRACT/TESTS_/Contoso.Abstract.StructureMap.Tests/bin/Debug/Contoso.Abstract.StructureMap.Tests.DLL" adapterTypeName="Microsoft.VisualStudio.TestTools.TestTypes.Unit.UnitTestAdapter, Microsoft.VisualStudio.QualityTools.Tips.UnitTest.Adapter, Version=10.0.0.0, Culture=neutral, PublicKeyToken=b03f5f7f11d50a3a" className="Contoso.Abstract.StructureMapServiceLocatorIntegrationTests, Contoso.Abstract.StructureMap.Tests, Version=1.0.0.0, Culture=neutral, PublicKeyToken=null" name="GenericAndNonGeneric_Resolve_Method_Should_Return_Same_Instance_Type" />
    </UnitTest>
    <UnitTest name="Register_Generic_With_FactoryMethod_Should_Return_Result_From_Factory" storage="c:\_application\bclex-abstract\tests_\contoso.abstract.hiro.tests\bin\debug\contoso.abstract.hiro.tests.dll" id="82f9945d-d2c4-ca65-e8f9-637c93b0cc84">
      <Execution id="6d9d1c64-bfe2-465c-80ae-8a49d3bca42a" />
      <TestMethod codeBase="C:/_APPLICATION/BCLEX-ABSTRACT/TESTS_/Contoso.Abstract.Hiro.Tests/bin/Debug/Contoso.Abstract.Hiro.Tests.DLL" adapterTypeName="Microsoft.VisualStudio.TestTools.TestTypes.Unit.UnitTestAdapter, Microsoft.VisualStudio.QualityTools.Tips.UnitTest.Adapter, Version=10.0.0.0, Culture=neutral, PublicKeyToken=b03f5f7f11d50a3a" className="Contoso.Abstract.HiroServiceRegistrarIntegrationTests, Contoso.Abstract.Hiro.Tests, Version=1.0.0.0, Culture=neutral, PublicKeyToken=null" name="Register_Generic_With_FactoryMethod_Should_Return_Result_From_Factory" />
    </UnitTest>
    <UnitTest name="HasRegistered" storage="c:\_application\bclex-abstract\tests_\contoso.abstract.castlewindsor.tests\bin\debug\contoso.abstract.castlewindsor.tests.dll" id="d527c682-1afd-d241-174b-2da5227a8d87">
      <Execution id="e2f89623-62d8-4976-9349-5360392a2eba" />
      <TestMethod codeBase="C:/_APPLICATION/BCLEX-ABSTRACT/TESTS_/Contoso.Abstract.CastleWindsor.Tests/bin/Debug/Contoso.Abstract.CastleWindsor.Tests.DLL" adapterTypeName="Microsoft.VisualStudio.TestTools.TestTypes.Unit.UnitTestAdapter, Microsoft.VisualStudio.QualityTools.Tips.UnitTest.Adapter, Version=10.0.0.0, Culture=neutral, PublicKeyToken=b03f5f7f11d50a3a" className="Contoso.Abstract.CastleWindsorServiceRegistrarIntegrationTests, Contoso.Abstract.CastleWindsor.Tests, Version=1.0.0.0, Culture=neutral, PublicKeyToken=null" name="HasRegistered" />
    </UnitTest>
    <UnitTest name="ResolveAll_For_Unknown_Type_Should_Return_Empty_Enumerable" storage="c:\_application\bclex-abstract\tests_\contoso.abstract.ninject.tests\bin\debug\contoso.abstract.ninject.tests.dll" id="13434630-6239-3dd9-7e8f-7b390d0f689c">
      <Execution id="f76cdc27-1698-4827-a0dc-c217dcd32303" />
      <TestMethod codeBase="C:/_APPLICATION/BCLEX-ABSTRACT/TESTS_/Contoso.Abstract.Ninject.Tests/bin/Debug/Contoso.Abstract.Ninject.Tests.DLL" adapterTypeName="Microsoft.VisualStudio.TestTools.TestTypes.Unit.UnitTestAdapter, Microsoft.VisualStudio.QualityTools.Tips.UnitTest.Adapter, Version=10.0.0.0, Culture=neutral, PublicKeyToken=b03f5f7f11d50a3a" className="Contoso.Abstract.NinjectServiceLocatorIntegrationTests, Contoso.Abstract.Ninject.Tests, Version=1.0.0.0, Culture=neutral, PublicKeyToken=null" name="ResolveAll_For_Unknown_Type_Should_Return_Empty_Enumerable" />
    </UnitTest>
    <UnitTest name="Register_Generic_With_FactoryMethod_Should_Return_Result_From_Factory" storage="c:\_application\bclex-abstract\tests_\system.abstract.tests\bin\debug\system.abstract.tests.dll" id="a7cbd390-249e-34e8-6828-0a6be1002cc0">
      <Execution id="fe0fcf76-7775-4c42-9e26-e37724371cfa" />
      <TestMethod codeBase="C:/_APPLICATION/BCLEX-ABSTRACT/TESTS_/System.Abstract.Tests/bin/Debug/System.Abstract.Tests.DLL" adapterTypeName="Microsoft.VisualStudio.TestTools.TestTypes.Unit.UnitTestAdapter, Microsoft.VisualStudio.QualityTools.Tips.UnitTest.Adapter, Version=10.0.0.0, Culture=neutral, PublicKeyToken=b03f5f7f11d50a3a" className="Contoso.Abstract.MicroServiceRegistrarIntegrationTests, System.Abstract.Tests, Version=1.0.0.0, Culture=neutral, PublicKeyToken=null" name="Register_Generic_With_FactoryMethod_Should_Return_Result_From_Factory" />
    </UnitTest>
    <UnitTest name="Register_With_Specified_Service_Should_Return_Same_Type" storage="c:\_application\bclex-abstract\tests_\contoso.abstract.unity.tests\bin\debug\contoso.abstract.unity.tests.dll" id="752c1c2d-0e31-a93c-00cd-082300495541">
      <Execution id="5266fcf6-760b-402e-b5c1-5a1070940c79" />
      <TestMethod codeBase="C:/_APPLICATION/BCLEX-ABSTRACT/TESTS_/Contoso.Abstract.Unity.Tests/bin/Debug/Contoso.Abstract.Unity.Tests.DLL" adapterTypeName="Microsoft.VisualStudio.TestTools.TestTypes.Unit.UnitTestAdapter, Microsoft.VisualStudio.QualityTools.Tips.UnitTest.Adapter, Version=10.0.0.0, Culture=neutral, PublicKeyToken=b03f5f7f11d50a3a" className="Contoso.Abstract.UnityServiceRegistrarIntegrationTests, Contoso.Abstract.Unity.Tests, Version=1.0.0.0, Culture=neutral, PublicKeyToken=null" name="Register_With_Specified_Service_Should_Return_Same_Type" />
    </UnitTest>
    <UnitTest name="ResolveAll_Should_Return_All_Registered_UnNamed_Services" storage="c:\_application\bclex-abstract\tests_\system.abstract.tests\bin\debug\system.abstract.tests.dll" id="a134d17c-9aa3-16be-39ed-18c600d8dcf0">
      <Execution id="819343f9-2236-47ac-b4b1-175320beef5b" />
      <TestMethod codeBase="C:/_APPLICATION/BCLEX-ABSTRACT/TESTS_/System.Abstract.Tests/bin/Debug/System.Abstract.Tests.DLL" adapterTypeName="Microsoft.VisualStudio.TestTools.TestTypes.Unit.UnitTestAdapter, Microsoft.VisualStudio.QualityTools.Tips.UnitTest.Adapter, Version=10.0.0.0, Culture=neutral, PublicKeyToken=b03f5f7f11d50a3a" className="Contoso.Abstract.MicroServiceLocatorIntegrationTests, System.Abstract.Tests, Version=1.0.0.0, Culture=neutral, PublicKeyToken=null" name="ResolveAll_Should_Return_All_Registered_UnNamed_Services" />
    </UnitTest>
    <UnitTest name="CreateMessage_Should_Return_Valid_Instance" storage="c:\_application\bclex-abstract\tests_\system.abstract.tests\bin\debug\system.abstract.tests.dll" id="108041fd-9f51-e4fc-b202-c950632b7b3e">
      <Execution id="f83adf93-0912-461a-846f-c6be897d86a0" />
      <TestMethod codeBase="C:/_APPLICATION/BCLEX-ABSTRACT/TESTS_/System.Abstract.Tests/bin/Debug/System.Abstract.Tests.DLL" adapterTypeName="Microsoft.VisualStudio.TestTools.TestTypes.Unit.UnitTestAdapter, Microsoft.VisualStudio.QualityTools.Tips.UnitTest.Adapter, Version=10.0.0.0, Culture=neutral, PublicKeyToken=b03f5f7f11d50a3a" className="Contoso.Abstract.EventSourcing.FileEventStoreIntegrationTests, System.Abstract.Tests, Version=1.0.0.0, Culture=neutral, PublicKeyToken=null" name="CreateMessage_Should_Return_Valid_Instance" />
    </UnitTest>
    <UnitTest name="ResolveAll_Should_Return_All_Registered_Named_Services" storage="c:\_application\bclex-abstract\tests_\system.abstract.tests\bin\debug\system.abstract.tests.dll" id="4a3dc286-247f-2ea4-ef82-3e4745aa0d87">
      <Execution id="314488f3-5362-47b5-a764-de0bb8cf48c2" />
      <TestMethod codeBase="C:/_APPLICATION/BCLEX-ABSTRACT/TESTS_/System.Abstract.Tests/bin/Debug/System.Abstract.Tests.DLL" adapterTypeName="Microsoft.VisualStudio.TestTools.TestTypes.Unit.UnitTestAdapter, Microsoft.VisualStudio.QualityTools.Tips.UnitTest.Adapter, Version=10.0.0.0, Culture=neutral, PublicKeyToken=b03f5f7f11d50a3a" className="Contoso.Abstract.MicroServiceLocatorIntegrationTests, System.Abstract.Tests, Version=1.0.0.0, Culture=neutral, PublicKeyToken=null" name="ResolveAll_Should_Return_All_Registered_Named_Services" />
    </UnitTest>
    <UnitTest name="NonGeneric_Asking_For_Invalid_Service_Should_Raise_Exception" storage="c:\_application\bclex-abstract\tests_\contoso.abstract.structuremap.tests\bin\debug\contoso.abstract.structuremap.tests.dll" id="bb291992-dd21-e39f-41e6-7803aede9d15">
      <Execution id="63390fda-3e8b-4afe-bdab-f00609f7b86c" />
      <TestMethod codeBase="C:/_APPLICATION/BCLEX-ABSTRACT/TESTS_/Contoso.Abstract.StructureMap.Tests/bin/Debug/Contoso.Abstract.StructureMap.Tests.DLL" adapterTypeName="Microsoft.VisualStudio.TestTools.TestTypes.Unit.UnitTestAdapter, Microsoft.VisualStudio.QualityTools.Tips.UnitTest.Adapter, Version=10.0.0.0, Culture=neutral, PublicKeyToken=b03f5f7f11d50a3a" className="Contoso.Abstract.StructureMapServiceLocatorIntegrationTests, Contoso.Abstract.StructureMap.Tests, Version=1.0.0.0, Culture=neutral, PublicKeyToken=null" name="NonGeneric_Asking_For_Invalid_Service_Should_Raise_Exception" />
    </UnitTest>
    <UnitTest name="ResolveAll_Should_Return_All_Registered_UnNamed_Services" storage="c:\_application\bclex-abstract\tests_\contoso.abstract.autofac.tests\bin\debug\contoso.abstract.autofac.tests.dll" id="122140e6-3cfa-8ec7-bfda-fc8f20ee6267">
      <Execution id="ee48137c-19f8-44b5-9f3a-3b34db55bc2e" />
      <TestMethod codeBase="C:/_APPLICATION/BCLEX-ABSTRACT/TESTS_/Contoso.Abstract.Autofac.Tests/bin/Debug/Contoso.Abstract.Autofac.Tests.DLL" adapterTypeName="Microsoft.VisualStudio.TestTools.TestTypes.Unit.UnitTestAdapter, Microsoft.VisualStudio.QualityTools.Tips.UnitTest.Adapter, Version=10.0.0.0, Culture=neutral, PublicKeyToken=b03f5f7f11d50a3a" className="Contoso.Abstract.AutofacServiceLocatorIntegrationTests, Contoso.Abstract.Autofac.Tests, Version=1.0.0.0, Culture=neutral, PublicKeyToken=null" name="ResolveAll_Should_Return_All_Registered_UnNamed_Services" />
    </UnitTest>
    <UnitTest name="Asking_For_UnRegistered_Service_Return_Valid_Instance" storage="c:\_application\bclex-abstract\tests_\contoso.abstract.castlewindsor.tests\bin\debug\contoso.abstract.castlewindsor.tests.dll" id="2d5f89a7-ddf2-ce5b-9300-30b152a4772a">
      <Execution id="0ac11add-d995-4d27-9c1c-b152c44520f9" />
      <TestMethod codeBase="C:/_APPLICATION/BCLEX-ABSTRACT/TESTS_/Contoso.Abstract.CastleWindsor.Tests/bin/Debug/Contoso.Abstract.CastleWindsor.Tests.DLL" adapterTypeName="Microsoft.VisualStudio.TestTools.TestTypes.Unit.UnitTestAdapter, Microsoft.VisualStudio.QualityTools.Tips.UnitTest.Adapter, Version=10.0.0.0, Culture=neutral, PublicKeyToken=b03f5f7f11d50a3a" className="Contoso.Abstract.CastleWindsorServiceLocatorIntegrationTests, Contoso.Abstract.CastleWindsor.Tests, Version=1.0.0.0, Culture=neutral, PublicKeyToken=null" name="Asking_For_UnRegistered_Service_Return_Valid_Instance" />
    </UnitTest>
    <UnitTest name="RegisterInstance_Generic_Should_Return_Same_Object" storage="c:\_application\bclex-abstract\tests_\contoso.abstract.autofac.tests\bin\debug\contoso.abstract.autofac.tests.dll" id="c6488862-0cf8-86d7-2820-42fa8197c679">
      <Execution id="76df43ac-792c-49c3-bcfc-d61d803e922c" />
      <TestMethod codeBase="C:/_APPLICATION/BCLEX-ABSTRACT/TESTS_/Contoso.Abstract.Autofac.Tests/bin/Debug/Contoso.Abstract.Autofac.Tests.DLL" adapterTypeName="Microsoft.VisualStudio.TestTools.TestTypes.Unit.UnitTestAdapter, Microsoft.VisualStudio.QualityTools.Tips.UnitTest.Adapter, Version=10.0.0.0, Culture=neutral, PublicKeyToken=b03f5f7f11d50a3a" className="Contoso.Abstract.AutofacServiceRegistrarIntegrationTests, Contoso.Abstract.Autofac.Tests, Version=1.0.0.0, Culture=neutral, PublicKeyToken=null" name="RegisterInstance_Generic_Should_Return_Same_Object" />
    </UnitTest>
    <UnitTest name="Get_Should_Be_Called" storage="c:\_application\bclex-abstract\tests_\contoso.abstract.memcached.tests\bin\debug\contoso.abstract.memcached.tests.dll" id="5c11e2eb-23a5-1af2-16d4-41a1b6551ad7">
      <Execution id="1bd4f53e-3992-41ec-b670-787ed40e1d9d" />
      <TestMethod codeBase="C:/_APPLICATION/BCLEX-ABSTRACT/TESTS_/Contoso.Abstract.Memcached.Tests/bin/Debug/Contoso.Abstract.Memcached.Tests.DLL" adapterTypeName="Microsoft.VisualStudio.TestTools.TestTypes.Unit.UnitTestAdapter, Microsoft.VisualStudio.QualityTools.Tips.UnitTest.Adapter, Version=10.0.0.0, Culture=neutral, PublicKeyToken=b03f5f7f11d50a3a" className="Contoso.Abstract.DispatcherTests, Contoso.Abstract.Memcached.Tests, Version=1.0.0.0, Culture=neutral, PublicKeyToken=null" name="Get_Should_Be_Called" />
    </UnitTest>
    <UnitTest name="GetRegistrationsFor" storage="c:\_application\bclex-abstract\tests_\contoso.abstract.unity.tests\bin\debug\contoso.abstract.unity.tests.dll" id="ff233af0-f4e9-768f-0805-f309a1c88334">
      <Execution id="5161ecb8-fa03-474e-9848-1210534d6196" />
      <TestMethod codeBase="C:/_APPLICATION/BCLEX-ABSTRACT/TESTS_/Contoso.Abstract.Unity.Tests/bin/Debug/Contoso.Abstract.Unity.Tests.DLL" adapterTypeName="Microsoft.VisualStudio.TestTools.TestTypes.Unit.UnitTestAdapter, Microsoft.VisualStudio.QualityTools.Tips.UnitTest.Adapter, Version=10.0.0.0, Culture=neutral, PublicKeyToken=b03f5f7f11d50a3a" className="Contoso.Abstract.UnityServiceRegistrarIntegrationTests, Contoso.Abstract.Unity.Tests, Version=1.0.0.0, Culture=neutral, PublicKeyToken=null" name="GetRegistrationsFor" />
    </UnitTest>
    <UnitTest name="Ask_For_Named_Instance" storage="c:\_application\bclex-abstract\tests_\contoso.abstract.structuremap.tests\bin\debug\contoso.abstract.structuremap.tests.dll" id="0985d937-2170-19ee-d31b-2f51ea41b998">
      <Execution id="00c37720-3dd0-4cc3-869a-f8aac6145dfa" />
      <TestMethod codeBase="C:/_APPLICATION/BCLEX-ABSTRACT/TESTS_/Contoso.Abstract.StructureMap.Tests/bin/Debug/Contoso.Abstract.StructureMap.Tests.DLL" adapterTypeName="Microsoft.VisualStudio.TestTools.TestTypes.Unit.UnitTestAdapter, Microsoft.VisualStudio.QualityTools.Tips.UnitTest.Adapter, Version=10.0.0.0, Culture=neutral, PublicKeyToken=b03f5f7f11d50a3a" className="Contoso.Abstract.StructureMapServiceLocatorIntegrationTests, Contoso.Abstract.StructureMap.Tests, Version=1.0.0.0, Culture=neutral, PublicKeyToken=null" name="Ask_For_Named_Instance" />
    </UnitTest>
    <UnitTest name="GenericAndNonGeneric_ResolveAll_Should_Return_Same_Instace_Types" storage="c:\_application\bclex-abstract\tests_\contoso.abstract.hiro.tests\bin\debug\contoso.abstract.hiro.tests.dll" id="06694f17-77ff-91ee-1351-2201683e9da7">
      <Execution id="4f1cc33e-e5ff-4586-a11d-cb7e85d579b7" />
      <TestMethod codeBase="C:/_APPLICATION/BCLEX-ABSTRACT/TESTS_/Contoso.Abstract.Hiro.Tests/bin/Debug/Contoso.Abstract.Hiro.Tests.DLL" adapterTypeName="Microsoft.VisualStudio.TestTools.TestTypes.Unit.UnitTestAdapter, Microsoft.VisualStudio.QualityTools.Tips.UnitTest.Adapter, Version=10.0.0.0, Culture=neutral, PublicKeyToken=b03f5f7f11d50a3a" className="Contoso.Abstract.HiroServiceLocatorIntegrationTests, Contoso.Abstract.Hiro.Tests, Version=1.0.0.0, Culture=neutral, PublicKeyToken=null" name="GenericAndNonGeneric_ResolveAll_Should_Return_Same_Instace_Types" />
    </UnitTest>
    <UnitTest name="SendGeneric_With_MessageBuilder_Sends" storage="c:\_application\bclex-abstract\tests_\system.abstract.tests\bin\debug\system.abstract.tests.dll" id="64bc93a0-e45a-5723-b26e-44a5ba1ed48f">
      <Execution id="f389f046-bfe1-42b1-b19e-630b8f6be03c" />
      <TestMethod codeBase="C:/_APPLICATION/BCLEX-ABSTRACT/TESTS_/System.Abstract.Tests/bin/Debug/System.Abstract.Tests.DLL" adapterTypeName="Microsoft.VisualStudio.TestTools.TestTypes.Unit.UnitTestAdapter, Microsoft.VisualStudio.QualityTools.Tips.UnitTest.Adapter, Version=10.0.0.0, Culture=neutral, PublicKeyToken=b03f5f7f11d50a3a" className="System.Abstract.IServiceBusExtensionsTests, System.Abstract.Tests, Version=1.0.0.0, Culture=neutral, PublicKeyToken=null" name="SendGeneric_With_MessageBuilder_Sends" />
    </UnitTest>
    <UnitTest name="Register_With_Keyed_Type_Should_Return_Same_Type" storage="c:\_application\bclex-abstract\tests_\contoso.abstract.castlewindsor.tests\bin\debug\contoso.abstract.castlewindsor.tests.dll" id="cd85b973-4bf6-bb94-d052-1c9e022b1345">
      <Execution id="3f6c187c-0bb4-49c8-8997-42d364afb056" />
      <TestMethod codeBase="C:/_APPLICATION/BCLEX-ABSTRACT/TESTS_/Contoso.Abstract.CastleWindsor.Tests/bin/Debug/Contoso.Abstract.CastleWindsor.Tests.DLL" adapterTypeName="Microsoft.VisualStudio.TestTools.TestTypes.Unit.UnitTestAdapter, Microsoft.VisualStudio.QualityTools.Tips.UnitTest.Adapter, Version=10.0.0.0, Culture=neutral, PublicKeyToken=b03f5f7f11d50a3a" className="Contoso.Abstract.CastleWindsorServiceRegistrarIntegrationTests, Contoso.Abstract.CastleWindsor.Tests, Version=1.0.0.0, Culture=neutral, PublicKeyToken=null" name="Register_With_Keyed_Type_Should_Return_Same_Type" />
    </UnitTest>
    <UnitTest name="RegisterInstance_GenericNamed_Should_Return_Same_Object" storage="c:\_application\bclex-abstract\tests_\contoso.abstract.hiro.tests\bin\debug\contoso.abstract.hiro.tests.dll" id="5bf79f58-f363-70da-cd7d-35457960ce82">
      <Execution id="78f0dd86-e245-4195-be42-35dd15732062" />
      <TestMethod codeBase="C:/_APPLICATION/BCLEX-ABSTRACT/TESTS_/Contoso.Abstract.Hiro.Tests/bin/Debug/Contoso.Abstract.Hiro.Tests.DLL" adapterTypeName="Microsoft.VisualStudio.TestTools.TestTypes.Unit.UnitTestAdapter, Microsoft.VisualStudio.QualityTools.Tips.UnitTest.Adapter, Version=10.0.0.0, Culture=neutral, PublicKeyToken=b03f5f7f11d50a3a" className="Contoso.Abstract.HiroServiceRegistrarIntegrationTests, Contoso.Abstract.Hiro.Tests, Version=1.0.0.0, Culture=neutral, PublicKeyToken=null" name="RegisterInstance_GenericNamed_Should_Return_Same_Object" />
    </UnitTest>
    <UnitTest name="SendGeneric_With_StringDestination_And_MessageBuilder_Sends" storage="c:\_application\bclex-abstract\tests_\system.abstract.tests\bin\debug\system.abstract.tests.dll" id="de724669-e2f0-fb91-cbc8-0f722fa2c9dc">
      <Execution id="69d5221d-7f8d-44dc-af83-59ac55c4b45f" />
      <TestMethod codeBase="C:/_APPLICATION/BCLEX-ABSTRACT/TESTS_/System.Abstract.Tests/bin/Debug/System.Abstract.Tests.DLL" adapterTypeName="Microsoft.VisualStudio.TestTools.TestTypes.Unit.UnitTestAdapter, Microsoft.VisualStudio.QualityTools.Tips.UnitTest.Adapter, Version=10.0.0.0, Culture=neutral, PublicKeyToken=b03f5f7f11d50a3a" className="System.Abstract.IServiceBusExtensionsTests, System.Abstract.Tests, Version=1.0.0.0, Culture=neutral, PublicKeyToken=null" name="SendGeneric_With_StringDestination_And_MessageBuilder_Sends" />
    </UnitTest>
    <UnitTest name="NonGeneric_Asking_For_Invalid_Service_Should_Raise_Exception" storage="c:\_application\bclex-abstract\tests_\contoso.abstract.castlewindsor.tests\bin\debug\contoso.abstract.castlewindsor.tests.dll" id="ab520cd4-af39-1fd0-3a5b-de52c5aabba1">
      <Execution id="7d7369f6-f2ed-438a-9f4a-053f99dc2f29" />
      <TestMethod codeBase="C:/_APPLICATION/BCLEX-ABSTRACT/TESTS_/Contoso.Abstract.CastleWindsor.Tests/bin/Debug/Contoso.Abstract.CastleWindsor.Tests.DLL" adapterTypeName="Microsoft.VisualStudio.TestTools.TestTypes.Unit.UnitTestAdapter, Microsoft.VisualStudio.QualityTools.Tips.UnitTest.Adapter, Version=10.0.0.0, Culture=neutral, PublicKeyToken=b03f5f7f11d50a3a" className="Contoso.Abstract.CastleWindsorServiceLocatorIntegrationTests, Contoso.Abstract.CastleWindsor.Tests, Version=1.0.0.0, Culture=neutral, PublicKeyToken=null" name="NonGeneric_Asking_For_Invalid_Service_Should_Raise_Exception" />
    </UnitTest>
    <UnitTest name="RegisterInstance_Should_Return_Same_Object_For_Same_Type" storage="c:\_application\bclex-abstract\tests_\contoso.abstract.structuremap.tests\bin\debug\contoso.abstract.structuremap.tests.dll" id="bb41e82d-c1e6-aff1-d65b-08f5ccb111d0">
      <Execution id="16fa1ad5-c9eb-4c09-ad4f-b7dcae8eece6" />
      <TestMethod codeBase="C:/_APPLICATION/BCLEX-ABSTRACT/TESTS_/Contoso.Abstract.StructureMap.Tests/bin/Debug/Contoso.Abstract.StructureMap.Tests.DLL" adapterTypeName="Microsoft.VisualStudio.TestTools.TestTypes.Unit.UnitTestAdapter, Microsoft.VisualStudio.QualityTools.Tips.UnitTest.Adapter, Version=10.0.0.0, Culture=neutral, PublicKeyToken=b03f5f7f11d50a3a" className="Contoso.Abstract.StructureMapServiceRegistrarIntegrationTests, Contoso.Abstract.StructureMap.Tests, Version=1.0.0.0, Culture=neutral, PublicKeyToken=null" name="RegisterInstance_Should_Return_Same_Object_For_Same_Type" />
    </UnitTest>
    <UnitTest name="Register_With_Specified_Service_Should_Return_Same_Type" storage="c:\_application\bclex-abstract\tests_\contoso.abstract.hiro.tests\bin\debug\contoso.abstract.hiro.tests.dll" id="e6c802ed-9c66-bf06-dc3e-369347c8b9d0">
      <Execution id="2c182ee0-8eaf-4ec3-87f0-3ac84a1e2798" />
      <TestMethod codeBase="C:/_APPLICATION/BCLEX-ABSTRACT/TESTS_/Contoso.Abstract.Hiro.Tests/bin/Debug/Contoso.Abstract.Hiro.Tests.DLL" adapterTypeName="Microsoft.VisualStudio.TestTools.TestTypes.Unit.UnitTestAdapter, Microsoft.VisualStudio.QualityTools.Tips.UnitTest.Adapter, Version=10.0.0.0, Culture=neutral, PublicKeyToken=b03f5f7f11d50a3a" className="Contoso.Abstract.HiroServiceRegistrarIntegrationTests, Contoso.Abstract.Hiro.Tests, Version=1.0.0.0, Culture=neutral, PublicKeyToken=null" name="Register_With_Specified_Service_Should_Return_Same_Type" />
    </UnitTest>
    <UnitTest name="RegisterInstance_Should_Return_Same_Object_For_Same_Type" storage="c:\_application\bclex-abstract\tests_\contoso.abstract.hiro.tests\bin\debug\contoso.abstract.hiro.tests.dll" id="20e8d44d-0ffd-0aba-9031-6041499e405e">
      <Execution id="a5c42cb3-513f-4449-abd1-d7ca8f786d46" />
      <TestMethod codeBase="C:/_APPLICATION/BCLEX-ABSTRACT/TESTS_/Contoso.Abstract.Hiro.Tests/bin/Debug/Contoso.Abstract.Hiro.Tests.DLL" adapterTypeName="Microsoft.VisualStudio.TestTools.TestTypes.Unit.UnitTestAdapter, Microsoft.VisualStudio.QualityTools.Tips.UnitTest.Adapter, Version=10.0.0.0, Culture=neutral, PublicKeyToken=b03f5f7f11d50a3a" className="Contoso.Abstract.HiroServiceRegistrarIntegrationTests, Contoso.Abstract.Hiro.Tests, Version=1.0.0.0, Culture=neutral, PublicKeyToken=null" name="RegisterInstance_Should_Return_Same_Object_For_Same_Type" />
    </UnitTest>
[...]
    <UnitTestResult executionId="3f6c187c-0bb4-49c8-8997-42d364afb056" testId="cd85b973-4bf6-bb94-d052-1c9e022b1345" testName="Register_With_Keyed_Type_Should_Return_Same_Type" computerName="MOREY01" duration="00:00:00.0005762" startTime="2012-02-19T14:09:44.8847330-06:00" endTime="2012-02-19T14:09:44.8847330-06:00" testType="13cdc9d9-ddb5-4fa4-a97d-d965ccfc6d4b" outcome="Passed" testListId="8c84fa94-04c1-424b-9868-57a2d4851a1d" relativeResultsDirectory="3f6c187c-0bb4-49c8-8997-42d364afb056">
    </UnitTestResult>
    <UnitTestResult executionId="9667ff29-9ad5-4aaf-866a-efdecb5b3c2e" testId="cf473140-1215-1c85-8aeb-6d550f1ecc91" testName="RegisterInstance_Named_Should_Return_Same_Object" computerName="MOREY01" duration="00:00:00.0009890" startTime="2012-02-19T14:09:44.8847330-06:00" endTime="2012-02-19T14:09:44.9003330-06:00" testType="13cdc9d9-ddb5-4fa4-a97d-d965ccfc6d4b" outcome="Passed" testListId="8c84fa94-04c1-424b-9868-57a2d4851a1d" relativeResultsDirectory="9667ff29-9ad5-4aaf-866a-efdecb5b3c2e">
    </UnitTestResult>
    <UnitTestResult executionId="6d564e27-6d8c-463c-ba99-709a2d313494" testId="cf8a79b9-b4f0-06bb-feb0-eb8aeabf20bf" testName="Register_With_Specified_Type_Should_Return_Same_Type" computerName="MOREY01" duration="00:00:00.0003084" startTime="2012-02-19T14:09:44.9003330-06:00" endTime="2012-02-19T14:09:44.9003330-06:00" testType="13cdc9d9-ddb5-4fa4-a97d-d965ccfc6d4b" outcome="Passed" testListId="8c84fa94-04c1-424b-9868-57a2d4851a1d" relativeResultsDirectory="6d564e27-6d8c-463c-ba99-709a2d313494">
    </UnitTestResult>
    <UnitTestResult executionId="6cd1fd6d-8b57-439d-95fb-ce6238e26b0c" testId="d161f377-6676-5aa8-8ebf-4add232b1d82" testName="Register_With_Keyed_Type_Should_Return_Same_Type" computerName="MOREY01" duration="00:00:00.0089906" startTime="2012-02-19T14:09:44.9003330-06:00" endTime="2012-02-19T14:09:44.9003330-06:00" testType="13cdc9d9-ddb5-4fa4-a97d-d965ccfc6d4b" outcome="Passed" testListId="8c84fa94-04c1-424b-9868-57a2d4851a1d" relativeResultsDirectory="6cd1fd6d-8b57-439d-95fb-ce6238e26b0c">
    </UnitTestResult>
    <UnitTestResult executionId="de3d8ade-f634-44ee-aeb6-892444d57c33" testId="d25c0416-8dab-65b8-5b9a-f02e9e1a36d0" testName="Prepend_Should_Be_Called" computerName="MOREY01" duration="00:00:00.0039239" startTime="2012-02-19T14:09:44.9003330-06:00" endTime="2012-02-19T14:09:44.9159330-06:00" testType="13cdc9d9-ddb5-4fa4-a97d-d965ccfc6d4b" outcome="Passed" testListId="8c84fa94-04c1-424b-9868-57a2d4851a1d" relativeResultsDirectory="de3d8ade-f634-44ee-aeb6-892444d57c33">
    </UnitTestResult>
    <UnitTestResult executionId="21cf9b56-5a06-435b-94c3-c8a32c3469fa" testId="d331360b-17dc-7741-9349-b71b90be8e31" testName="ResolveAll_For_Unknown_Type_Should_Return_Empty_Enumerable" computerName="MOREY01" duration="00:00:00.0004684" startTime="2012-02-19T14:09:44.9159330-06:00" endTime="2012-02-19T14:09:44.9159330-06:00" testType="13cdc9d9-ddb5-4fa4-a97d-d965ccfc6d4b" outcome="Passed" testListId="8c84fa94-04c1-424b-9868-57a2d4851a1d" relativeResultsDirectory="21cf9b56-5a06-435b-94c3-c8a32c3469fa">
    </UnitTestResult>
    <UnitTestResult executionId="e2f89623-62d8-4976-9349-5360392a2eba" testId="d527c682-1afd-d241-174b-2da5227a8d87" testName="HasRegistered" computerName="MOREY01" duration="00:00:00.0012530" startTime="2012-02-19T14:09:44.9159330-06:00" endTime="2012-02-19T14:09:44.9159330-06:00" testType="13cdc9d9-ddb5-4fa4-a97d-d965ccfc6d4b" outcome="Failed" testListId="8c84fa94-04c1-424b-9868-57a2d4851a1d" relativeResultsDirectory="e2f89623-62d8-4976-9349-5360392a2eba">
      <Output>
        <ErrorInfo>
          <Message>Assert.IsTrue failed. </Message>
          <StackTrace>   at System.Abstract.ServiceRegistrarIntegrationTestsBase.HasRegistered() in C:\_APPLICATION\BCLEX-ABSTRACT\TESTS_\System.Abstract.Templates\Abstract+ServiceLocator\ServiceRegistrarIntegrationTestsBase.cs:line 51
</StackTrace>
        </ErrorInfo>
      </Output>
    </UnitTestResult>
    <UnitTestResult executionId="3503b451-424a-4e83-a248-05424186075c" testId="d590ae52-0ebc-a9c3-3010-98f606f16d93" testName="XXX" computerName="MOREY01" duration="00:00:00.0001020" startTime="2012-02-19T14:09:44.9159330-06:00" endTime="2012-02-19T14:09:44.9159330-06:00" testType="13cdc9d9-ddb5-4fa4-a97d-d965ccfc6d4b" outcome="Passed" testListId="8c84fa94-04c1-424b-9868-57a2d4851a1d" relativeResultsDirectory="3503b451-424a-4e83-a248-05424186075c">
    </UnitTestResult>
    <UnitTestResult executionId="e54cbb09-3bc3-499d-a4b1-ce2226488521" testId="d6960729-ce5b-6ddd-fe43-3ca7d70e8e7b" testName="Register_With_Specified_Type_Should_Return_Same_Type" computerName="MOREY01" duration="00:00:00.0007919" startTime="2012-02-19T14:09:44.9159330-06:00" endTime="2012-02-19T14:09:44.9159330-06:00" testType="13cdc9d9-ddb5-4fa4-a97d-d965ccfc6d4b" outcome="Passed" testListId="8c84fa94-04c1-424b-9868-57a2d4851a1d" relativeResultsDirectory="e54cbb09-3bc3-499d-a4b1-ce2226488521">
    </UnitTestResult>
    <UnitTestResult executionId="3f4e3e1a-b766-4297-a9e4-b6ec872524eb" testId="d72f6c27-9e91-fb9b-f68c-be6fc4dfeff3" testName="Register_With_FactoryMethod_Should_Return_Result_From_Factory" computerName="MOREY01" duration="00:00:00.0011225" startTime="2012-02-19T14:09:44.9159330-06:00" endTime="2012-02-19T14:09:44.9159330-06:00" testType="13cdc9d9-ddb5-4fa4-a97d-d965ccfc6d4b" outcome="Passed" testListId="8c84fa94-04c1-424b-9868-57a2d4851a1d" relativeResultsDirectory="3f4e3e1a-b766-4297-a9e4-b6ec872524eb">
    </UnitTestResult>
    <UnitTestResult executionId="1fbe8d21-0dcb-4212-9d74-aaf92b70841f" testId="db7633ee-f326-0df7-2e4c-97bfe5a20cbc" testName="Resolve_Should_Return_Valid_Instance" computerName="MOREY01" duration="00:00:00.0002915" startTime="2012-02-19T14:09:44.9159330-06:00" endTime="2012-02-19T14:09:44.9315331-06:00" testType="13cdc9d9-ddb5-4fa4-a97d-d965ccfc6d4b" outcome="Passed" testListId="8c84fa94-04c1-424b-9868-57a2d4851a1d" relativeResultsDirectory="1fbe8d21-0dcb-4212-9d74-aaf92b70841f">
    </UnitTestResult>
    <UnitTestResult executionId="09edb36e-a99a-43d1-bae1-416836f08b3a" testId="dc324571-f244-0b4d-d886-87178dee4b78" testName="Create_Instance_With_Type_And_InnerException" computerName="MOREY01" duration="00:00:00.0004399" startTime="2012-02-19T14:09:44.9315331-06:00" endTime="2012-02-19T14:09:44.9315331-06:00" testType="13cdc9d9-ddb5-4fa4-a97d-d965ccfc6d4b" outcome="Passed" testListId="8c84fa94-04c1-424b-9868-57a2d4851a1d" relativeResultsDirectory="09edb36e-a99a-43d1-bae1-416836f08b3a">
    </UnitTestResult>
    <UnitTestResult executionId="69d5221d-7f8d-44dc-af83-59ac55c4b45f" testId="de724669-e2f0-fb91-cbc8-0f722fa2c9dc" testName="SendGeneric_With_StringDestination_And_MessageBuilder_Sends" computerName="MOREY01" duration="00:00:00.0024075" startTime="2012-02-19T14:09:44.9315331-06:00" endTime="2012-02-19T14:09:44.9315331-06:00" testType="13cdc9d9-ddb5-4fa4-a97d-d965ccfc6d4b" outcome="Passed" testListId="8c84fa94-04c1-424b-9868-57a2d4851a1d" relativeResultsDirectory="69d5221d-7f8d-44dc-af83-59ac55c4b45f">
    </UnitTestResult>
    <UnitTestResult executionId="aa07993c-add9-42af-85c6-e4bd6724b4a4" testId="dedf7946-182b-d5a7-fc1c-d231c1e613b3" testName="Ask_For_Unknown_Service_Should_Throw_Exception" computerName="MOREY01" duration="00:00:00.0004508" startTime="2012-02-19T14:09:44.9315331-06:00" endTime="2012-02-19T14:09:44.9315331-06:00" testType="13cdc9d9-ddb5-4fa4-a97d-d965ccfc6d4b" outcome="Passed" testListId="8c84fa94-04c1-424b-9868-57a2d4851a1d" relativeResultsDirectory="aa07993c-add9-42af-85c6-e4bd6724b4a4">
    </UnitTestResult>
    <UnitTestResult executionId="38b36eb7-96c0-4445-bd0f-3ac04385225d" testId="df1d9981-fb55-c102-789b-220ed7100e6d" testName="RegisterInstance_Should_Return_Same_Object" computerName="MOREY01" duration="00:00:00.0004131" startTime="2012-02-19T14:09:44.9315331-06:00" endTime="2012-02-19T14:09:44.9315331-06:00" testType="13cdc9d9-ddb5-4fa4-a97d-d965ccfc6d4b" outcome="Passed" testListId="8c84fa94-04c1-424b-9868-57a2d4851a1d" relativeResultsDirectory="38b36eb7-96c0-4445-bd0f-3ac04385225d">
    </UnitTestResult>
    <UnitTestResult executionId="ebfe405a-71d9-401e-b521-00487b5bb6b0" testId="e1ee1967-3853-2d1e-d5de-b9a20e943b23" testName="NonGeneric_Ask_For_Unknown_Service_Should_Throw_Exception" computerName="MOREY01" duration="00:00:00.0003651" startTime="2012-02-19T14:09:44.9315331-06:00" endTime="2012-02-19T14:09:44.9315331-06:00" testType="13cdc9d9-ddb5-4fa4-a97d-d965ccfc6d4b" outcome="Passed" testListId="8c84fa94-04c1-424b-9868-57a2d4851a1d" relativeResultsDirectory="ebfe405a-71d9-401e-b521-00487b5bb6b0">
    </UnitTestResult>
    <UnitTestResult executionId="8dd29b5a-866a-4c82-befa-143a66acddc9" testId="e3635184-5e63-a8cd-60a8-93807cba961e" testName="Send_With_StringDestination_And_Message_Sends" computerName="MOREY01" duration="00:00:00.0011842" startTime="2012-02-19T14:09:44.9315331-06:00" endTime="2012-02-19T14:09:44.9315331-06:00" testType="13cdc9d9-ddb5-4fa4-a97d-d965ccfc6d4b" outcome="Passed" testListId="8c84fa94-04c1-424b-9868-57a2d4851a1d" relativeResultsDirectory="8dd29b5a-866a-4c82-befa-143a66acddc9">
    </UnitTestResult>
    <UnitTestResult executionId="2c182ee0-8eaf-4ec3-87f0-3ac84a1e2798" testId="e6c802ed-9c66-bf06-dc3e-369347c8b9d0" testName="Register_With_Specified_Service_Should_Return_Same_Type" computerName="MOREY01" duration="00:00:00.0089660" startTime="2012-02-19T14:09:44.9471331-06:00" endTime="2012-02-19T14:09:44.9471331-06:00" testType="13cdc9d9-ddb5-4fa4-a97d-d965ccfc6d4b" outcome="Passed" testListId="8c84fa94-04c1-424b-9868-57a2d4851a1d" relativeResultsDirectory="2c182ee0-8eaf-4ec3-87f0-3ac84a1e2798">
    </UnitTestResult>
    <UnitTestResult executionId="ea7240bc-001f-446f-8277-735afcadc088" testId="e7046dae-84ae-4a12-58ce-24b566dde2bd" testName="RegisterInstance_Named_Should_Return_Same_Object" computerName="MOREY01" duration="00:00:00.0007730" startTime="2012-02-19T14:09:44.9471331-06:00" endTime="2012-02-19T14:09:44.9471331-06:00" testType="13cdc9d9-ddb5-4fa4-a97d-d965ccfc6d4b" outcome="Passed" testListId="8c84fa94-04c1-424b-9868-57a2d4851a1d" relativeResultsDirectory="ea7240bc-001f-446f-8277-735afcadc088">
    </UnitTestResult>
    <UnitTestResult executionId="b9fd7cd2-2ad0-429d-ad78-52961ca307b3" testId="e76f8fb0-2af9-acd9-48cd-2502c67103b9" testName="GetRegistrationsFor" computerName="MOREY01" duration="00:00:00.0042529" startTime="2012-02-19T14:09:44.9471331-06:00" endTime="2012-02-19T14:09:44.9627331-06:00" testType="13cdc9d9-ddb5-4fa4-a97d-d965ccfc6d4b" outcome="Failed" testListId="8c84fa94-04c1-424b-9868-57a2d4851a1d" relativeResultsDirectory="b9fd7cd2-2ad0-429d-ad78-52961ca307b3">
      <Output>
        <ErrorInfo>
          <Message>Assert.IsTrue failed. </Message>
          <StackTrace>   at System.Abstract.ServiceRegistrarIntegrationTestsBase.GetRegistrationsFor() in C:\_APPLICATION\BCLEX-ABSTRACT\TESTS_\System.Abstract.Templates\Abstract+ServiceLocator\ServiceRegistrarIntegrationTestsBase.cs:line 61
</StackTrace>
        </ErrorInfo>
      </Output>
    </UnitTestResult>
    <UnitTestResult executionId="91f77550-ddda-4fdf-9e32-9332f9bdb016" testId="e7cb3223-d790-7d2d-a904-c32a7d8256fe" testName="Register_With_Specified_Service_Should_Return_Same_Type" computerName="MOREY01" duration="00:00:00.0003276" startTime="2012-02-19T14:09:44.9627331-06:00" endTime="2012-02-19T14:09:44.9627331-06:00" testType="13cdc9d9-ddb5-4fa4-a97d-d965ccfc6d4b" outcome="Passed" testListId="8c84fa94-04c1-424b-9868-57a2d4851a1d" relativeResultsDirectory="91f77550-ddda-4fdf-9e32-9332f9bdb016">
    </UnitTestResult>
    <UnitTestResult executionId="1ff2d8a7-0372-4c88-b741-63df50c8d0ad" testId="ecccad62-35bd-89d6-2071-f38105a561db" testName="NonGeneric_Ask_For_Unknown_Service_Should_Throw_Exception" computerName="MOREY01" duration="00:00:00.0004537" startTime="2012-02-19T14:09:44.9627331-06:00" endTime="2012-02-19T14:09:44.9627331-06:00" testType="13cdc9d9-ddb5-4fa4-a97d-d965ccfc6d4b" outcome="Passed" testListId="8c84fa94-04c1-424b-9868-57a2d4851a1d" relativeResultsDirectory="1ff2d8a7-0372-4c88-b741-63df50c8d0ad">
    </UnitTestResult>
    <UnitTestResult executionId="5bce3e25-7524-49db-96ff-530acc20dcd8" testId="ed3ecc95-022b-212e-ed2c-4492bb5c7ca5" testName="Append_Should_Be_Called" computerName="MOREY01" duration="00:00:00.0024536" startTime="2012-02-19T14:09:44.9627331-06:00" endTime="2012-02-19T14:09:44.9627331-06:00" testType="13cdc9d9-ddb5-4fa4-a97d-d965ccfc6d4b" outcome="Passed" testListId="8c84fa94-04c1-424b-9868-57a2d4851a1d" relativeResultsDirectory="5bce3e25-7524-49db-96ff-530acc20dcd8">
    </UnitTestResult>
    <UnitTestResult executionId="451d91dc-a647-4606-b34d-1ee95660c60d" testId="ee072aff-cc9a-0c1a-1979-e4de379dc2e1" testName="ResolveAll_Should_Return_All_Registered_Named_Services" computerName="MOREY01" duration="00:00:00.0003747" startTime="2012-02-19T14:09:44.9627331-06:00" endTime="2012-02-19T14:09:44.9627331-06:00" testType="13cdc9d9-ddb5-4fa4-a97d-d965ccfc6d4b" outcome="Passed" testListId="8c84fa94-04c1-424b-9868-57a2d4851a1d" relativeResultsDirectory="451d91dc-a647-4606-b34d-1ee95660c60d">
    </UnitTestResult>
    <UnitTestResult executionId="95f828fd-6673-48ba-9aeb-6d3c5ae35e6c" testId="f0018525-1144-d9f0-4b1c-e385906c693c" testName="RegisterInstance_GenericNamed_Should_Return_Same_Object" computerName="MOREY01" duration="00:00:00.0007202" startTime="2012-02-19T14:09:44.9627331-06:00" endTime="2012-02-19T14:09:44.9627331-06:00" testType="13cdc9d9-ddb5-4fa4-a97d-d965ccfc6d4b" outcome="Passed" testListId="8c84fa94-04c1-424b-9868-57a2d4851a1d" relativeResultsDirectory="95f828fd-6673-48ba-9aeb-6d3c5ae35e6c">
    </UnitTestResult>
    <UnitTestResult executionId="6d8375fa-96a8-46ad-8349-aec75aa72571" testId="f4a47632-d161-7cec-0892-b9d0565e9c36" testName="XXX" computerName="MOREY01" duration="00:00:00.0000966" startTime="2012-02-19T14:09:44.9627331-06:00" endTime="2012-02-19T14:09:44.9783331-06:00" testType="13cdc9d9-ddb5-4fa4-a97d-d965ccfc6d4b" outcome="Passed" testListId="8c84fa94-04c1-424b-9868-57a2d4851a1d" relativeResultsDirectory="6d8375fa-96a8-46ad-8349-aec75aa72571">
    </UnitTestResult>
    <UnitTestResult executionId="51aa5f80-9f1d-444e-86c8-f487bff4f923" testId="f56513c3-be5e-a8db-756c-0af85068a519" testName="Resolve_Should_Return_Valid_Instance" computerName="MOREY01" duration="00:00:00.0129792" startTime="2012-02-19T14:09:44.9783331-06:00" endTime="2012-02-19T14:09:44.9783331-06:00" testType="13cdc9d9-ddb5-4fa4-a97d-d965ccfc6d4b" outcome="Passed" testListId="8c84fa94-04c1-424b-9868-57a2d4851a1d" relativeResultsDirectory="51aa5f80-9f1d-444e-86c8-f487bff4f923">
    </UnitTestResult>
    <UnitTestResult executionId="3527a02a-b306-4485-9d76-a1c3586f1510" testId="f6be99e3-05de-77b5-d77f-abb08c4a35ec" testName="Register_With_Specified_Type_Should_Return_Same_Type" computerName="MOREY01" duration="00:00:00.0003801" startTime="2012-02-19T14:09:44.9939332-06:00" endTime="2012-02-19T14:09:44.9939332-06:00" testType="13cdc9d9-ddb5-4fa4-a97d-d965ccfc6d4b" outcome="Passed" testListId="8c84fa94-04c1-424b-9868-57a2d4851a1d" relativeResultsDirectory="3527a02a-b306-4485-9d76-a1c3586f1510">
    </UnitTestResult>
    <UnitTestResult executionId="06fa693a-a4aa-4bb4-8745-7f47d8f117ee" testId="f7571b4e-994b-3e9f-cd6a-a99f83752134" testName="NonGeneric_Ask_For_Unknown_Service_Should_Throw_Exception" computerName="MOREY01" duration="00:00:00.0003654" startTime="2012-02-19T14:09:44.9939332-06:00" endTime="2012-02-19T14:09:44.9939332-06:00" testType="13cdc9d9-ddb5-4fa4-a97d-d965ccfc6d4b" outcome="Passed" testListId="8c84fa94-04c1-424b-9868-57a2d4851a1d" relativeResultsDirectory="06fa693a-a4aa-4bb4-8745-7f47d8f117ee">
    </UnitTestResult>
    <UnitTestResult executionId="50156bcd-faea-4a87-8e05-26f33a045506" testId="f9308303-2a14-31ae-be06-73da14ba9562" testName="RegisterInstance_Should_Return_Same_Object" computerName="MOREY01" duration="00:00:00.0004214" startTime="2012-02-19T14:09:44.9939332-06:00" endTime="2012-02-19T14:09:44.9939332-06:00" testType="13cdc9d9-ddb5-4fa4-a97d-d965ccfc6d4b" outcome="Passed" testListId="8c84fa94-04c1-424b-9868-57a2d4851a1d" relativeResultsDirectory="50156bcd-faea-4a87-8e05-26f33a045506">
    </UnitTestResult>
    <UnitTestResult executionId="9bf338d5-4b02-469c-918c-6b7aefc6c628" testId="f9d581e6-cb24-921d-ab42-9ef002c55a82" testName="SendGeneric_With_Destination_And_MessageBuilder_Sends" computerName="MOREY01" duration="00:00:00.0022687" startTime="2012-02-19T14:09:44.9939332-06:00" endTime="2012-02-19T14:09:44.9939332-06:00" testType="13cdc9d9-ddb5-4fa4-a97d-d965ccfc6d4b" outcome="Passed" testListId="8c84fa94-04c1-424b-9868-57a2d4851a1d" relativeResultsDirectory="9bf338d5-4b02-469c-918c-6b7aefc6c628">
    </UnitTestResult>
    <UnitTestResult executionId="d5f32be7-315f-4a10-a8d0-5f7fe056e35d" testId="fc06c757-eb14-53da-a269-75735d71c12a" testName="Register_With_Specified_Service_And_Type_Should_Return_Same_Type" computerName="MOREY01" duration="00:00:00.0091100" startTime="2012-02-19T14:09:44.9939332-06:00" endTime="2012-02-19T14:09:45.0095332-06:00" testType="13cdc9d9-ddb5-4fa4-a97d-d965ccfc6d4b" outcome="Passed" testListId="8c84fa94-04c1-424b-9868-57a2d4851a1d" relativeResultsDirectory="d5f32be7-315f-4a10-a8d0-5f7fe056e35d">
    </UnitTestResult>
    <UnitTestResult executionId="bb66f53d-afa8-4b5b-a75f-e2f6f814906d" testId="fe0afec5-90b1-1cd6-dfc9-5dcf60660f1a" testName="GenericAndNonGeneric_Resolve_Method_Should_Return_Same_Instance_Type" computerName="MOREY01" duration="00:00:00.0003359" startTime="2012-02-19T14:09:45.0095332-06:00" endTime="2012-02-19T14:09:45.0095332-06:00" testType="13cdc9d9-ddb5-4fa4-a97d-d965ccfc6d4b" outcome="Passed" testListId="8c84fa94-04c1-424b-9868-57a2d4851a1d" relativeResultsDirectory="bb66f53d-afa8-4b5b-a75f-e2f6f814906d">
    </UnitTestResult>
    <UnitTestResult executionId="5a2781b6-40cb-4c83-bf6a-fe9b20a3dc06" testId="fe721e7c-a48b-7869-2654-9ea83f01833f" testName="Register_With_Specified_Service_And_Type_Should_Return_Same_Type" computerName="MOREY01" duration="00:00:00.0008783" startTime="2012-02-19T14:09:45.0095332-06:00" endTime="2012-02-19T14:09:45.0095332-06:00" testType="13cdc9d9-ddb5-4fa4-a97d-d965ccfc6d4b" outcome="Passed" testListId="8c84fa94-04c1-424b-9868-57a2d4851a1d" relativeResultsDirectory="5a2781b6-40cb-4c83-bf6a-fe9b20a3dc06">
    </UnitTestResult>
    <UnitTestResult executionId="15584675-5587-4c8e-9f36-ee38b04d9929" testId="ff16d665-6fb2-5809-3b00-21874869f3f6" testName="Asking_For_UnRegistered_Service_Return_Valid_Instance" computerName="MOREY01" duration="00:00:00.0002454" startTime="2012-02-19T14:09:45.0095332-06:00" endTime="2012-02-19T14:09:45.0095332-06:00" testType="13cdc9d9-ddb5-4fa4-a97d-d965ccfc6d4b" outcome="Passed" testListId="8c84fa94-04c1-424b-9868-57a2d4851a1d" relativeResultsDirectory="15584675-5587-4c8e-9f36-ee38b04d9929">
    </UnitTestResult>
    <UnitTestResult executionId="5161ecb8-fa03-474e-9848-1210534d6196" testId="ff233af0-f4e9-768f-0805-f309a1c88334" testName="GetRegistrationsFor" computerName="MOREY01" duration="00:00:00.0034990" startTime="2012-02-19T14:09:45.0095332-06:00" endTime="2012-02-19T14:09:45.0251332-06:00" testType="13cdc9d9-ddb5-4fa4-a97d-d965ccfc6d4b" outcome="Passed" testListId="8c84fa94-04c1-424b-9868-57a2d4851a1d" relativeResultsDirectory="5161ecb8-fa03-474e-9848-1210534d6196">
    </UnitTestResult>
    <UnitTestResult executionId="983dde47-c808-4f00-ab1a-d99feaaafc9b" testId="fff96dab-01e3-47c5-6a3a-9298af3154bf" testName="Register_With_Specified_Service_Should_Return_Same_Type" computerName="MOREY01" duration="00:00:00.0004547" startTime="2012-02-19T14:09:45.0251332-06:00" endTime="2012-02-19T14:09:45.0251332-06:00" testType="13cdc9d9-ddb5-4fa4-a97d-d965ccfc6d4b" outcome="Passed" testListId="8c84fa94-04c1-424b-9868-57a2d4851a1d" relativeResultsDirectory="983dde47-c808-4f00-ab1a-d99feaaafc9b">
    </UnitTestResult>
  </Results>
</TestRun>